{"__type":"$$EventMessageAudit","id":"73763ab2-73cd-4483-99ad-053d131a30f7","ts":"2025-10-11T16:31:53.431+00:00","eventName":"n8n.audit.workflow.created","message":"n8n.audit.workflow.created","payload":{"userId":"a7433d17-0e5c-41eb-8495-c91b02a7b183","_email":"anandgautam023@gmail.com","_firstName":"Gautam","_lastName":"Anand","globalRole":"global:owner","workflowId":"W4bbgKqSRsQj5RSg","workflowName":"My workflow"}}
{"__type":"$$EventMessageConfirm","confirm":"73763ab2-73cd-4483-99ad-053d131a30f7","ts":"2025-10-11T16:31:53.435+00:00","source":{"id":"0","name":"eventBus"}}
{"__type":"$$EventMessageWorkflow","id":"3634abd6-3fee-4f58-9dcd-108385a78188","ts":"2025-10-11T22:02:01.959+05:30","eventName":"n8n.workflow.started","message":"n8n.workflow.started","payload":{"executionId":"1","workflowId":"W4bbgKqSRsQj5RSg","isManual":false,"workflowName":"My workflow"}}
{"__type":"$$EventMessageConfirm","confirm":"3634abd6-3fee-4f58-9dcd-108385a78188","ts":"2025-10-11T22:02:01.961+05:30","source":{"id":"0","name":"eventBus"}}
{"__type":"$$EventMessageNode","id":"4e22426a-260e-49c8-832e-421a0e7141dc","ts":"2025-10-11T22:02:01.975+05:30","eventName":"n8n.node.started","message":"n8n.node.started","payload":{"workflowId":"W4bbgKqSRsQj5RSg","workflowName":"My workflow","executionId":"1","nodeType":"n8n-nodes-base.webhook","nodeName":"Webhook","nodeId":"8fb6f1ef-63e7-43ef-bc95-8cf4d0bf573b"}}
{"__type":"$$EventMessageConfirm","confirm":"4e22426a-260e-49c8-832e-421a0e7141dc","ts":"2025-10-11T22:02:01.977+05:30","source":{"id":"0","name":"eventBus"}}
{"__type":"$$EventMessageNode","id":"2155b556-a978-4fd7-bee8-c2703f57daa4","ts":"2025-10-11T22:02:01.988+05:30","eventName":"n8n.node.finished","message":"n8n.node.finished","payload":{"workflowId":"W4bbgKqSRsQj5RSg","workflowName":"My workflow","executionId":"1","nodeType":"n8n-nodes-base.webhook","nodeName":"Webhook","nodeId":"8fb6f1ef-63e7-43ef-bc95-8cf4d0bf573b"}}
{"__type":"$$EventMessageConfirm","confirm":"2155b556-a978-4fd7-bee8-c2703f57daa4","ts":"2025-10-11T22:02:01.989+05:30","source":{"id":"0","name":"eventBus"}}
{"__type":"$$EventMessageWorkflow","id":"81175fbd-f030-4f48-8741-c97d3b0cf492","ts":"2025-10-11T22:02:02.007+05:30","eventName":"n8n.workflow.success","message":"n8n.workflow.success","payload":{"executionId":"1","success":true,"isManual":true,"workflowId":"W4bbgKqSRsQj5RSg","workflowName":"My workflow"}}
{"__type":"$$EventMessageConfirm","confirm":"81175fbd-f030-4f48-8741-c97d3b0cf492","ts":"2025-10-11T22:02:02.008+05:30","source":{"id":"0","name":"eventBus"}}
{"__type":"$$EventMessageWorkflow","id":"9d5ea08d-8c60-4c97-a5f9-3767baf28f21","ts":"2025-10-11T22:15:24.186+05:30","eventName":"n8n.workflow.started","message":"n8n.workflow.started","payload":{"executionId":"2","workflowId":"W4bbgKqSRsQj5RSg","isManual":false,"workflowName":"My workflow"}}
{"__type":"$$EventMessageConfirm","confirm":"9d5ea08d-8c60-4c97-a5f9-3767baf28f21","ts":"2025-10-11T22:15:24.187+05:30","source":{"id":"0","name":"eventBus"}}
{"__type":"$$EventMessageNode","id":"bd99cb4d-0720-44ca-b9de-0ee719250c4a","ts":"2025-10-11T22:15:24.189+05:30","eventName":"n8n.node.started","message":"n8n.node.started","payload":{"workflowId":"W4bbgKqSRsQj5RSg","workflowName":"My workflow","executionId":"2","nodeType":"n8n-nodes-base.if","nodeName":"If","nodeId":"c8bf47b5-65c1-4f42-b1c2-bdced359f14d"}}
{"__type":"$$EventMessageConfirm","confirm":"bd99cb4d-0720-44ca-b9de-0ee719250c4a","ts":"2025-10-11T22:15:24.190+05:30","source":{"id":"0","name":"eventBus"}}
{"__type":"$$EventMessageNode","id":"fbeabff0-5213-4ce7-bf5d-a7ad45645d18","ts":"2025-10-11T22:15:24.250+05:30","eventName":"n8n.node.finished","message":"n8n.node.finished","payload":{"workflowId":"W4bbgKqSRsQj5RSg","workflowName":"My workflow","executionId":"2","nodeType":"n8n-nodes-base.if","nodeName":"If","nodeId":"c8bf47b5-65c1-4f42-b1c2-bdced359f14d"}}
{"__type":"$$EventMessageConfirm","confirm":"fbeabff0-5213-4ce7-bf5d-a7ad45645d18","ts":"2025-10-11T22:15:24.250+05:30","source":{"id":"0","name":"eventBus"}}
{"__type":"$$EventMessageWorkflow","id":"f5b431a7-bb57-4c58-a066-5860f79edb08","ts":"2025-10-11T22:15:24.255+05:30","eventName":"n8n.workflow.success","message":"n8n.workflow.success","payload":{"userId":"a7433d17-0e5c-41eb-8495-c91b02a7b183","executionId":"2","success":true,"isManual":true,"workflowId":"W4bbgKqSRsQj5RSg","workflowName":"My workflow"}}
{"__type":"$$EventMessageConfirm","confirm":"f5b431a7-bb57-4c58-a066-5860f79edb08","ts":"2025-10-11T22:15:24.255+05:30","source":{"id":"0","name":"eventBus"}}
{"__type":"$$EventMessageWorkflow","id":"2236d503-e375-47a0-bac3-fb6972806ba9","ts":"2025-10-11T23:03:08.201+05:30","eventName":"n8n.workflow.started","message":"n8n.workflow.started","payload":{"executionId":"3","workflowId":"W4bbgKqSRsQj5RSg","isManual":false,"workflowName":"My workflow"}}
{"__type":"$$EventMessageConfirm","confirm":"2236d503-e375-47a0-bac3-fb6972806ba9","ts":"2025-10-11T23:03:08.204+05:30","source":{"id":"0","name":"eventBus"}}
{"__type":"$$EventMessageNode","id":"ee408304-65e2-4846-bac3-8ce13669c57e","ts":"2025-10-11T23:03:08.211+05:30","eventName":"n8n.node.started","message":"n8n.node.started","payload":{"workflowId":"W4bbgKqSRsQj5RSg","workflowName":"My workflow","executionId":"3","nodeType":"n8n-nodes-base.webhook","nodeName":"Webhook","nodeId":"a889b0f0-19e2-4570-9f72-e9fc287de8f6"}}
{"__type":"$$EventMessageConfirm","confirm":"ee408304-65e2-4846-bac3-8ce13669c57e","ts":"2025-10-11T23:03:08.211+05:30","source":{"id":"0","name":"eventBus"}}
{"__type":"$$EventMessageNode","id":"d2be23b8-0a51-4327-ae4c-0c6ff85e634d","ts":"2025-10-11T23:03:08.213+05:30","eventName":"n8n.node.finished","message":"n8n.node.finished","payload":{"workflowId":"W4bbgKqSRsQj5RSg","workflowName":"My workflow","executionId":"3","nodeType":"n8n-nodes-base.webhook","nodeName":"Webhook","nodeId":"a889b0f0-19e2-4570-9f72-e9fc287de8f6"}}
{"__type":"$$EventMessageConfirm","confirm":"d2be23b8-0a51-4327-ae4c-0c6ff85e634d","ts":"2025-10-11T23:03:08.213+05:30","source":{"id":"0","name":"eventBus"}}
{"__type":"$$EventMessageWorkflow","id":"6be78bc8-a595-4cb1-ae0e-e39126a450a7","ts":"2025-10-11T23:03:08.225+05:30","eventName":"n8n.workflow.success","message":"n8n.workflow.success","payload":{"executionId":"3","success":true,"isManual":true,"workflowId":"W4bbgKqSRsQj5RSg","workflowName":"My workflow"}}
{"__type":"$$EventMessageConfirm","confirm":"6be78bc8-a595-4cb1-ae0e-e39126a450a7","ts":"2025-10-11T23:03:08.225+05:30","source":{"id":"0","name":"eventBus"}}
{"__type":"$$EventMessageWorkflow","id":"298a457e-bbce-4a92-bd8b-41dbdc8c5d79","ts":"2025-10-11T23:25:17.695+05:30","eventName":"n8n.workflow.started","message":"n8n.workflow.started","payload":{"executionId":"4","workflowId":"W4bbgKqSRsQj5RSg","isManual":false,"workflowName":"My workflow"}}
{"__type":"$$EventMessageConfirm","confirm":"298a457e-bbce-4a92-bd8b-41dbdc8c5d79","ts":"2025-10-11T23:25:17.697+05:30","source":{"id":"0","name":"eventBus"}}
{"__type":"$$EventMessageNode","id":"ceb53102-ffb3-4045-8431-8d8739362ffc","ts":"2025-10-11T23:25:17.698+05:30","eventName":"n8n.node.started","message":"n8n.node.started","payload":{"workflowId":"W4bbgKqSRsQj5RSg","workflowName":"My workflow","executionId":"4","nodeType":"n8n-nodes-base.webhook","nodeName":"Webhook","nodeId":"a889b0f0-19e2-4570-9f72-e9fc287de8f6"}}
{"__type":"$$EventMessageConfirm","confirm":"ceb53102-ffb3-4045-8431-8d8739362ffc","ts":"2025-10-11T23:25:17.698+05:30","source":{"id":"0","name":"eventBus"}}
{"__type":"$$EventMessageNode","id":"8d793e9b-03a2-40f3-b62a-e5c8c476dd95","ts":"2025-10-11T23:25:17.700+05:30","eventName":"n8n.node.finished","message":"n8n.node.finished","payload":{"workflowId":"W4bbgKqSRsQj5RSg","workflowName":"My workflow","executionId":"4","nodeType":"n8n-nodes-base.webhook","nodeName":"Webhook","nodeId":"a889b0f0-19e2-4570-9f72-e9fc287de8f6"}}
{"__type":"$$EventMessageConfirm","confirm":"8d793e9b-03a2-40f3-b62a-e5c8c476dd95","ts":"2025-10-11T23:25:17.700+05:30","source":{"id":"0","name":"eventBus"}}
{"__type":"$$EventMessageWorkflow","id":"28a6a895-8693-46df-966a-2ca506053d93","ts":"2025-10-11T23:25:17.730+05:30","eventName":"n8n.workflow.success","message":"n8n.workflow.success","payload":{"executionId":"4","success":true,"isManual":true,"workflowId":"W4bbgKqSRsQj5RSg","workflowName":"My workflow"}}
{"__type":"$$EventMessageConfirm","confirm":"28a6a895-8693-46df-966a-2ca506053d93","ts":"2025-10-11T23:25:17.731+05:30","source":{"id":"0","name":"eventBus"}}
{"__type":"$$EventMessageWorkflow","id":"380f4268-94a5-41cd-b7b5-fe468208764a","ts":"2025-10-11T23:35:03.534+05:30","eventName":"n8n.workflow.started","message":"n8n.workflow.started","payload":{"executionId":"5","workflowId":"W4bbgKqSRsQj5RSg","isManual":false,"workflowName":"My workflow"}}
{"__type":"$$EventMessageConfirm","confirm":"380f4268-94a5-41cd-b7b5-fe468208764a","ts":"2025-10-11T23:35:03.535+05:30","source":{"id":"0","name":"eventBus"}}
{"__type":"$$EventMessageNode","id":"f259b8cf-0124-4ae1-ad3d-4eb7648fb62d","ts":"2025-10-11T23:35:03.539+05:30","eventName":"n8n.node.started","message":"n8n.node.started","payload":{"workflowId":"W4bbgKqSRsQj5RSg","workflowName":"My workflow","executionId":"5","nodeType":"n8n-nodes-base.webhook","nodeName":"Webhook","nodeId":"a889b0f0-19e2-4570-9f72-e9fc287de8f6"}}
{"__type":"$$EventMessageConfirm","confirm":"f259b8cf-0124-4ae1-ad3d-4eb7648fb62d","ts":"2025-10-11T23:35:03.539+05:30","source":{"id":"0","name":"eventBus"}}
{"__type":"$$EventMessageNode","id":"8c43682a-49ae-4189-970f-6a7b66b72137","ts":"2025-10-11T23:35:03.545+05:30","eventName":"n8n.node.finished","message":"n8n.node.finished","payload":{"workflowId":"W4bbgKqSRsQj5RSg","workflowName":"My workflow","executionId":"5","nodeType":"n8n-nodes-base.webhook","nodeName":"Webhook","nodeId":"a889b0f0-19e2-4570-9f72-e9fc287de8f6"}}
{"__type":"$$EventMessageConfirm","confirm":"8c43682a-49ae-4189-970f-6a7b66b72137","ts":"2025-10-11T23:35:03.545+05:30","source":{"id":"0","name":"eventBus"}}
{"__type":"$$EventMessageWorkflow","id":"b8bbdc34-ab85-47cf-b2e2-3e8a099f2a7b","ts":"2025-10-11T23:35:03.550+05:30","eventName":"n8n.workflow.success","message":"n8n.workflow.success","payload":{"executionId":"5","success":true,"isManual":true,"workflowId":"W4bbgKqSRsQj5RSg","workflowName":"My workflow"}}
{"__type":"$$EventMessageConfirm","confirm":"b8bbdc34-ab85-47cf-b2e2-3e8a099f2a7b","ts":"2025-10-11T23:35:03.551+05:30","source":{"id":"0","name":"eventBus"}}
{"__type":"$$EventMessageWorkflow","id":"24450908-c475-4e9d-903e-64e6d9cf157b","ts":"2025-10-11T23:37:49.387+05:30","eventName":"n8n.workflow.started","message":"n8n.workflow.started","payload":{"executionId":"6","workflowId":"W4bbgKqSRsQj5RSg","isManual":false,"workflowName":"My workflow"}}
{"__type":"$$EventMessageConfirm","confirm":"24450908-c475-4e9d-903e-64e6d9cf157b","ts":"2025-10-11T23:37:49.387+05:30","source":{"id":"0","name":"eventBus"}}
{"__type":"$$EventMessageNode","id":"8b67b8d8-7c66-46cf-ace2-e9af2604ddaa","ts":"2025-10-11T23:37:49.388+05:30","eventName":"n8n.node.started","message":"n8n.node.started","payload":{"workflowId":"W4bbgKqSRsQj5RSg","workflowName":"My workflow","executionId":"6","nodeType":"n8n-nodes-base.if","nodeName":"If","nodeId":"f7418cc6-beaa-4f0f-a195-58fe7a016368"}}
{"__type":"$$EventMessageConfirm","confirm":"8b67b8d8-7c66-46cf-ace2-e9af2604ddaa","ts":"2025-10-11T23:37:49.388+05:30","source":{"id":"0","name":"eventBus"}}
{"__type":"$$EventMessageNode","id":"0963a041-06d2-4b2d-9eb4-e5d2004390ba","ts":"2025-10-11T23:37:49.402+05:30","eventName":"n8n.node.finished","message":"n8n.node.finished","payload":{"workflowId":"W4bbgKqSRsQj5RSg","workflowName":"My workflow","executionId":"6","nodeType":"n8n-nodes-base.if","nodeName":"If","nodeId":"f7418cc6-beaa-4f0f-a195-58fe7a016368"}}
{"__type":"$$EventMessageConfirm","confirm":"0963a041-06d2-4b2d-9eb4-e5d2004390ba","ts":"2025-10-11T23:37:49.402+05:30","source":{"id":"0","name":"eventBus"}}
{"__type":"$$EventMessageWorkflow","id":"700311b4-b543-4ece-8f86-6f0831e46602","ts":"2025-10-11T23:37:49.404+05:30","eventName":"n8n.workflow.success","message":"n8n.workflow.success","payload":{"userId":"a7433d17-0e5c-41eb-8495-c91b02a7b183","executionId":"6","success":true,"isManual":true,"workflowId":"W4bbgKqSRsQj5RSg","workflowName":"My workflow"}}
{"__type":"$$EventMessageConfirm","confirm":"700311b4-b543-4ece-8f86-6f0831e46602","ts":"2025-10-11T23:37:49.405+05:30","source":{"id":"0","name":"eventBus"}}
{"__type":"$$EventMessageWorkflow","id":"169d6899-6a24-44fa-83b9-7c480772b239","ts":"2025-10-11T23:38:58.809+05:30","eventName":"n8n.workflow.started","message":"n8n.workflow.started","payload":{"executionId":"7","workflowId":"W4bbgKqSRsQj5RSg","isManual":false,"workflowName":"My workflow"}}
{"__type":"$$EventMessageConfirm","confirm":"169d6899-6a24-44fa-83b9-7c480772b239","ts":"2025-10-11T23:38:58.810+05:30","source":{"id":"0","name":"eventBus"}}
{"__type":"$$EventMessageNode","id":"bde4d1f6-eee1-4eea-b193-38fe789423cb","ts":"2025-10-11T23:38:58.811+05:30","eventName":"n8n.node.started","message":"n8n.node.started","payload":{"workflowId":"W4bbgKqSRsQj5RSg","workflowName":"My workflow","executionId":"7","nodeType":"n8n-nodes-base.if","nodeName":"If","nodeId":"f7418cc6-beaa-4f0f-a195-58fe7a016368"}}
{"__type":"$$EventMessageConfirm","confirm":"bde4d1f6-eee1-4eea-b193-38fe789423cb","ts":"2025-10-11T23:38:58.811+05:30","source":{"id":"0","name":"eventBus"}}
{"__type":"$$EventMessageNode","id":"48698cc5-d2a8-482d-8b7b-ed6b96b0b8ad","ts":"2025-10-11T23:38:58.814+05:30","eventName":"n8n.node.finished","message":"n8n.node.finished","payload":{"workflowId":"W4bbgKqSRsQj5RSg","workflowName":"My workflow","executionId":"7","nodeType":"n8n-nodes-base.if","nodeName":"If","nodeId":"f7418cc6-beaa-4f0f-a195-58fe7a016368"}}
{"__type":"$$EventMessageConfirm","confirm":"48698cc5-d2a8-482d-8b7b-ed6b96b0b8ad","ts":"2025-10-11T23:38:58.814+05:30","source":{"id":"0","name":"eventBus"}}
{"__type":"$$EventMessageWorkflow","id":"96d7d931-b350-4c86-a4e0-6126aacbfd5a","ts":"2025-10-11T23:38:58.816+05:30","eventName":"n8n.workflow.success","message":"n8n.workflow.success","payload":{"userId":"a7433d17-0e5c-41eb-8495-c91b02a7b183","executionId":"7","success":true,"isManual":true,"workflowId":"W4bbgKqSRsQj5RSg","workflowName":"My workflow"}}
{"__type":"$$EventMessageConfirm","confirm":"96d7d931-b350-4c86-a4e0-6126aacbfd5a","ts":"2025-10-11T23:38:58.817+05:30","source":{"id":"0","name":"eventBus"}}
{"__type":"$$EventMessageAudit","id":"9040701d-e13d-4030-bce4-6ae532561301","ts":"2025-10-12T00:01:27.188+05:30","eventName":"n8n.audit.user.credentials.created","message":"n8n.audit.user.credentials.created","payload":{"userId":"a7433d17-0e5c-41eb-8495-c91b02a7b183","_email":"anandgautam023@gmail.com","_firstName":"Gautam","_lastName":"Anand","globalRole":"global:owner","credentialType":"gmailOAuth2","credentialId":"gCDfK27hCw4j8c5G","publicApi":false,"projectId":"Iw2VbE54heQPB7QX","projectType":"personal"}}
{"__type":"$$EventMessageConfirm","confirm":"9040701d-e13d-4030-bce4-6ae532561301","ts":"2025-10-12T00:01:27.189+05:30","source":{"id":"0","name":"eventBus"}}
{"__type":"$$EventMessageWorkflow","id":"e4f81819-22e6-437c-94d4-c8547311cdd8","ts":"2025-10-12T00:06:36.452+05:30","eventName":"n8n.workflow.started","message":"n8n.workflow.started","payload":{"executionId":"8","workflowId":"W4bbgKqSRsQj5RSg","isManual":false,"workflowName":"My workflow"}}
{"__type":"$$EventMessageConfirm","confirm":"e4f81819-22e6-437c-94d4-c8547311cdd8","ts":"2025-10-12T00:06:36.453+05:30","source":{"id":"0","name":"eventBus"}}
{"__type":"$$EventMessageNode","id":"629a1d07-6b3b-480e-aef2-36f017246061","ts":"2025-10-12T00:06:36.454+05:30","eventName":"n8n.node.started","message":"n8n.node.started","payload":{"workflowId":"W4bbgKqSRsQj5RSg","workflowName":"My workflow","executionId":"8","nodeType":"n8n-nodes-base.webhook","nodeName":"Webhook","nodeId":"a889b0f0-19e2-4570-9f72-e9fc287de8f6"}}
{"__type":"$$EventMessageConfirm","confirm":"629a1d07-6b3b-480e-aef2-36f017246061","ts":"2025-10-12T00:06:36.454+05:30","source":{"id":"0","name":"eventBus"}}
{"__type":"$$EventMessageNode","id":"53262ea6-f2f3-4d16-beb5-dc2a4fed5d52","ts":"2025-10-12T00:06:36.455+05:30","eventName":"n8n.node.finished","message":"n8n.node.finished","payload":{"workflowId":"W4bbgKqSRsQj5RSg","workflowName":"My workflow","executionId":"8","nodeType":"n8n-nodes-base.webhook","nodeName":"Webhook","nodeId":"a889b0f0-19e2-4570-9f72-e9fc287de8f6"}}
{"__type":"$$EventMessageConfirm","confirm":"53262ea6-f2f3-4d16-beb5-dc2a4fed5d52","ts":"2025-10-12T00:06:36.455+05:30","source":{"id":"0","name":"eventBus"}}
{"__type":"$$EventMessageWorkflow","id":"09475914-f727-4900-ab24-d5e1d4cd29a7","ts":"2025-10-12T00:06:36.461+05:30","eventName":"n8n.workflow.success","message":"n8n.workflow.success","payload":{"executionId":"8","success":true,"isManual":true,"workflowId":"W4bbgKqSRsQj5RSg","workflowName":"My workflow"}}
{"__type":"$$EventMessageConfirm","confirm":"09475914-f727-4900-ab24-d5e1d4cd29a7","ts":"2025-10-12T00:06:36.461+05:30","source":{"id":"0","name":"eventBus"}}
{"__type":"$$EventMessageWorkflow","id":"a2fda420-2bcc-48cd-9a7e-8555495f3512","ts":"2025-10-12T00:07:18.236+05:30","eventName":"n8n.workflow.started","message":"n8n.workflow.started","payload":{"executionId":"9","workflowId":"W4bbgKqSRsQj5RSg","isManual":false,"workflowName":"My workflow"}}
{"__type":"$$EventMessageConfirm","confirm":"a2fda420-2bcc-48cd-9a7e-8555495f3512","ts":"2025-10-12T00:07:18.237+05:30","source":{"id":"0","name":"eventBus"}}
{"__type":"$$EventMessageNode","id":"d356cc6b-2958-4a0c-8584-deb1f730f042","ts":"2025-10-12T00:07:18.238+05:30","eventName":"n8n.node.started","message":"n8n.node.started","payload":{"workflowId":"W4bbgKqSRsQj5RSg","workflowName":"My workflow","executionId":"9","nodeType":"n8n-nodes-base.if","nodeName":"If","nodeId":"f7418cc6-beaa-4f0f-a195-58fe7a016368"}}
{"__type":"$$EventMessageConfirm","confirm":"d356cc6b-2958-4a0c-8584-deb1f730f042","ts":"2025-10-12T00:07:18.238+05:30","source":{"id":"0","name":"eventBus"}}
{"__type":"$$EventMessageNode","id":"eaf673a5-5790-4dc7-950e-3108fe79e0e4","ts":"2025-10-12T00:07:18.243+05:30","eventName":"n8n.node.finished","message":"n8n.node.finished","payload":{"workflowId":"W4bbgKqSRsQj5RSg","workflowName":"My workflow","executionId":"9","nodeType":"n8n-nodes-base.if","nodeName":"If","nodeId":"f7418cc6-beaa-4f0f-a195-58fe7a016368"}}
{"__type":"$$EventMessageConfirm","confirm":"eaf673a5-5790-4dc7-950e-3108fe79e0e4","ts":"2025-10-12T00:07:18.243+05:30","source":{"id":"0","name":"eventBus"}}
{"__type":"$$EventMessageWorkflow","id":"0bd7dbd9-62d9-41e5-8203-7579733a4a9c","ts":"2025-10-12T00:07:18.248+05:30","eventName":"n8n.workflow.success","message":"n8n.workflow.success","payload":{"userId":"a7433d17-0e5c-41eb-8495-c91b02a7b183","executionId":"9","success":true,"isManual":true,"workflowId":"W4bbgKqSRsQj5RSg","workflowName":"My workflow"}}
{"__type":"$$EventMessageConfirm","confirm":"0bd7dbd9-62d9-41e5-8203-7579733a4a9c","ts":"2025-10-12T00:07:18.249+05:30","source":{"id":"0","name":"eventBus"}}
{"__type":"$$EventMessageWorkflow","id":"ccbc810e-e1d3-4371-b197-b8757568dc96","ts":"2025-10-12T00:12:54.794+05:30","eventName":"n8n.workflow.started","message":"n8n.workflow.started","payload":{"executionId":"10","workflowId":"W4bbgKqSRsQj5RSg","isManual":false,"workflowName":"My workflow"}}
{"__type":"$$EventMessageConfirm","confirm":"ccbc810e-e1d3-4371-b197-b8757568dc96","ts":"2025-10-12T00:12:54.794+05:30","source":{"id":"0","name":"eventBus"}}
{"__type":"$$EventMessageNode","id":"01cb167a-d186-4625-9ce7-309094d9f64d","ts":"2025-10-12T00:12:54.797+05:30","eventName":"n8n.node.started","message":"n8n.node.started","payload":{"workflowId":"W4bbgKqSRsQj5RSg","workflowName":"My workflow","executionId":"10","nodeType":"n8n-nodes-base.gmail","nodeName":"Send a message","nodeId":"8a7c2a4a-c507-419c-91bf-d377a2dde4eb"}}
{"__type":"$$EventMessageConfirm","confirm":"01cb167a-d186-4625-9ce7-309094d9f64d","ts":"2025-10-12T00:12:54.798+05:30","source":{"id":"0","name":"eventBus"}}
{"__type":"$$EventMessageNode","id":"dae4ae4c-9391-4594-a18e-264900d7a623","ts":"2025-10-12T00:12:58.338+05:30","eventName":"n8n.node.finished","message":"n8n.node.finished","payload":{"workflowId":"W4bbgKqSRsQj5RSg","workflowName":"My workflow","executionId":"10","nodeType":"n8n-nodes-base.gmail","nodeName":"Send a message","nodeId":"8a7c2a4a-c507-419c-91bf-d377a2dde4eb"}}
{"__type":"$$EventMessageConfirm","confirm":"dae4ae4c-9391-4594-a18e-264900d7a623","ts":"2025-10-12T00:12:58.338+05:30","source":{"id":"0","name":"eventBus"}}
{"__type":"$$EventMessageWorkflow","id":"d346999a-371b-47cc-bf9a-bbe54b36a2d8","ts":"2025-10-12T00:12:58.342+05:30","eventName":"n8n.workflow.success","message":"n8n.workflow.success","payload":{"userId":"a7433d17-0e5c-41eb-8495-c91b02a7b183","executionId":"10","success":true,"isManual":true,"workflowId":"W4bbgKqSRsQj5RSg","workflowName":"My workflow"}}
{"__type":"$$EventMessageConfirm","confirm":"d346999a-371b-47cc-bf9a-bbe54b36a2d8","ts":"2025-10-12T00:12:58.343+05:30","source":{"id":"0","name":"eventBus"}}
{"__type":"$$EventMessageWorkflow","id":"a669739e-70ec-4102-8c8b-f930ffbce265","ts":"2025-10-12T00:54:18.281+05:30","eventName":"n8n.workflow.started","message":"n8n.workflow.started","payload":{"executionId":"11","workflowId":"W4bbgKqSRsQj5RSg","isManual":false,"workflowName":"My workflow"}}
{"__type":"$$EventMessageConfirm","confirm":"a669739e-70ec-4102-8c8b-f930ffbce265","ts":"2025-10-12T00:54:18.282+05:30","source":{"id":"0","name":"eventBus"}}
{"__type":"$$EventMessageNode","id":"a9e8426e-69f7-4c37-a6cc-efcf7fad2cbf","ts":"2025-10-12T00:54:18.283+05:30","eventName":"n8n.node.started","message":"n8n.node.started","payload":{"workflowId":"W4bbgKqSRsQj5RSg","workflowName":"My workflow","executionId":"11","nodeType":"n8n-nodes-base.if","nodeName":"If1","nodeId":"c7be88e1-6fd3-4ba5-a900-eef8aed79272"}}
{"__type":"$$EventMessageConfirm","confirm":"a9e8426e-69f7-4c37-a6cc-efcf7fad2cbf","ts":"2025-10-12T00:54:18.283+05:30","source":{"id":"0","name":"eventBus"}}
{"__type":"$$EventMessageNode","id":"ed8c29e5-fe7a-4a65-b56e-cff81f5cc247","ts":"2025-10-12T00:54:18.290+05:30","eventName":"n8n.node.finished","message":"n8n.node.finished","payload":{"workflowId":"W4bbgKqSRsQj5RSg","workflowName":"My workflow","executionId":"11","nodeType":"n8n-nodes-base.if","nodeName":"If1","nodeId":"c7be88e1-6fd3-4ba5-a900-eef8aed79272"}}
{"__type":"$$EventMessageConfirm","confirm":"ed8c29e5-fe7a-4a65-b56e-cff81f5cc247","ts":"2025-10-12T00:54:18.290+05:30","source":{"id":"0","name":"eventBus"}}
{"__type":"$$EventMessageWorkflow","id":"0b7f42d9-29b9-4d69-a5e5-f8d16d24c81a","ts":"2025-10-12T00:54:18.292+05:30","eventName":"n8n.workflow.success","message":"n8n.workflow.success","payload":{"userId":"a7433d17-0e5c-41eb-8495-c91b02a7b183","executionId":"11","success":true,"isManual":true,"workflowId":"W4bbgKqSRsQj5RSg","workflowName":"My workflow"}}
{"__type":"$$EventMessageConfirm","confirm":"0b7f42d9-29b9-4d69-a5e5-f8d16d24c81a","ts":"2025-10-12T00:54:18.292+05:30","source":{"id":"0","name":"eventBus"}}
{"__type":"$$EventMessageWorkflow","id":"11195758-c650-4962-9bf2-46901eda0b3a","ts":"2025-10-12T00:55:11.180+05:30","eventName":"n8n.workflow.started","message":"n8n.workflow.started","payload":{"executionId":"12","workflowId":"W4bbgKqSRsQj5RSg","isManual":false,"workflowName":"My workflow"}}
{"__type":"$$EventMessageConfirm","confirm":"11195758-c650-4962-9bf2-46901eda0b3a","ts":"2025-10-12T00:55:11.180+05:30","source":{"id":"0","name":"eventBus"}}
{"__type":"$$EventMessageNode","id":"b71507ba-26a2-4943-926d-8149d5b62644","ts":"2025-10-12T00:55:11.181+05:30","eventName":"n8n.node.started","message":"n8n.node.started","payload":{"workflowId":"W4bbgKqSRsQj5RSg","workflowName":"My workflow","executionId":"12","nodeType":"n8n-nodes-base.if","nodeName":"If","nodeId":"f7418cc6-beaa-4f0f-a195-58fe7a016368"}}
{"__type":"$$EventMessageConfirm","confirm":"b71507ba-26a2-4943-926d-8149d5b62644","ts":"2025-10-12T00:55:11.181+05:30","source":{"id":"0","name":"eventBus"}}
{"__type":"$$EventMessageNode","id":"7051d812-e94e-4009-a1df-4f3860e08e87","ts":"2025-10-12T00:55:11.186+05:30","eventName":"n8n.node.finished","message":"n8n.node.finished","payload":{"workflowId":"W4bbgKqSRsQj5RSg","workflowName":"My workflow","executionId":"12","nodeType":"n8n-nodes-base.if","nodeName":"If","nodeId":"f7418cc6-beaa-4f0f-a195-58fe7a016368"}}
{"__type":"$$EventMessageConfirm","confirm":"7051d812-e94e-4009-a1df-4f3860e08e87","ts":"2025-10-12T00:55:11.187+05:30","source":{"id":"0","name":"eventBus"}}
{"__type":"$$EventMessageWorkflow","id":"79a89e82-740a-4019-b986-42d69642624e","ts":"2025-10-12T00:55:11.193+05:30","eventName":"n8n.workflow.success","message":"n8n.workflow.success","payload":{"userId":"a7433d17-0e5c-41eb-8495-c91b02a7b183","executionId":"12","success":true,"isManual":true,"workflowId":"W4bbgKqSRsQj5RSg","workflowName":"My workflow"}}
{"__type":"$$EventMessageConfirm","confirm":"79a89e82-740a-4019-b986-42d69642624e","ts":"2025-10-12T00:55:11.193+05:30","source":{"id":"0","name":"eventBus"}}
{"__type":"$$EventMessageWorkflow","id":"1ad46491-ec99-4350-92f7-1703da740ca4","ts":"2025-10-12T01:22:43.106+05:30","eventName":"n8n.workflow.started","message":"n8n.workflow.started","payload":{"executionId":"13","workflowId":"W4bbgKqSRsQj5RSg","isManual":false,"workflowName":"My workflow"}}
{"__type":"$$EventMessageConfirm","confirm":"1ad46491-ec99-4350-92f7-1703da740ca4","ts":"2025-10-12T01:22:43.108+05:30","source":{"id":"0","name":"eventBus"}}
{"__type":"$$EventMessageNode","id":"c1b9af57-02dc-48d5-8d21-95d39dbdd0d9","ts":"2025-10-12T01:22:43.110+05:30","eventName":"n8n.node.started","message":"n8n.node.started","payload":{"workflowId":"W4bbgKqSRsQj5RSg","workflowName":"My workflow","executionId":"13","nodeType":"n8n-nodes-base.webhook","nodeName":"Webhook","nodeId":"a889b0f0-19e2-4570-9f72-e9fc287de8f6"}}
{"__type":"$$EventMessageConfirm","confirm":"c1b9af57-02dc-48d5-8d21-95d39dbdd0d9","ts":"2025-10-12T01:22:43.110+05:30","source":{"id":"0","name":"eventBus"}}
{"__type":"$$EventMessageNode","id":"87d4d4f2-1643-403a-9c58-2ae7bfd43901","ts":"2025-10-12T01:22:43.341+05:30","eventName":"n8n.node.finished","message":"n8n.node.finished","payload":{"workflowId":"W4bbgKqSRsQj5RSg","workflowName":"My workflow","executionId":"13","nodeType":"n8n-nodes-base.webhook","nodeName":"Webhook","nodeId":"a889b0f0-19e2-4570-9f72-e9fc287de8f6"}}
{"__type":"$$EventMessageConfirm","confirm":"87d4d4f2-1643-403a-9c58-2ae7bfd43901","ts":"2025-10-12T01:22:43.341+05:30","source":{"id":"0","name":"eventBus"}}
{"__type":"$$EventMessageNode","id":"8cef8159-f0e9-4b53-b7eb-30aafc5ec341","ts":"2025-10-12T01:22:43.342+05:30","eventName":"n8n.node.started","message":"n8n.node.started","payload":{"workflowId":"W4bbgKqSRsQj5RSg","workflowName":"My workflow","executionId":"13","nodeType":"n8n-nodes-base.switch","nodeName":"Switch","nodeId":"4d44b551-8c84-4a01-b253-3474022e0098"}}
{"__type":"$$EventMessageConfirm","confirm":"8cef8159-f0e9-4b53-b7eb-30aafc5ec341","ts":"2025-10-12T01:22:43.343+05:30","source":{"id":"0","name":"eventBus"}}
{"__type":"$$EventMessageNode","id":"d09aa6aa-9f5d-4a2d-9153-33b459576ab6","ts":"2025-10-12T01:22:43.364+05:30","eventName":"n8n.node.finished","message":"n8n.node.finished","payload":{"workflowId":"W4bbgKqSRsQj5RSg","workflowName":"My workflow","executionId":"13","nodeType":"n8n-nodes-base.switch","nodeName":"Switch","nodeId":"4d44b551-8c84-4a01-b253-3474022e0098"}}
{"__type":"$$EventMessageConfirm","confirm":"d09aa6aa-9f5d-4a2d-9153-33b459576ab6","ts":"2025-10-12T01:22:43.364+05:30","source":{"id":"0","name":"eventBus"}}
{"__type":"$$EventMessageNode","id":"2f0056a5-239f-416f-85bc-160c376ae551","ts":"2025-10-12T01:22:43.366+05:30","eventName":"n8n.node.started","message":"n8n.node.started","payload":{"workflowId":"W4bbgKqSRsQj5RSg","workflowName":"My workflow","executionId":"13","nodeType":"n8n-nodes-base.if","nodeName":"If","nodeId":"f7418cc6-beaa-4f0f-a195-58fe7a016368"}}
{"__type":"$$EventMessageConfirm","confirm":"2f0056a5-239f-416f-85bc-160c376ae551","ts":"2025-10-12T01:22:43.367+05:30","source":{"id":"0","name":"eventBus"}}
{"__type":"$$EventMessageNode","id":"0c68409f-0bbc-418b-9064-f0bfa5a5f6b1","ts":"2025-10-12T01:22:43.371+05:30","eventName":"n8n.node.finished","message":"n8n.node.finished","payload":{"workflowId":"W4bbgKqSRsQj5RSg","workflowName":"My workflow","executionId":"13","nodeType":"n8n-nodes-base.if","nodeName":"If","nodeId":"f7418cc6-beaa-4f0f-a195-58fe7a016368"}}
{"__type":"$$EventMessageConfirm","confirm":"0c68409f-0bbc-418b-9064-f0bfa5a5f6b1","ts":"2025-10-12T01:22:43.371+05:30","source":{"id":"0","name":"eventBus"}}
{"__type":"$$EventMessageWorkflow","id":"074bf99e-85a9-4b7b-b412-528c3b05cc5e","ts":"2025-10-12T01:22:43.435+05:30","eventName":"n8n.workflow.success","message":"n8n.workflow.success","payload":{"executionId":"13","success":true,"isManual":true,"workflowId":"W4bbgKqSRsQj5RSg","workflowName":"My workflow"}}
{"__type":"$$EventMessageConfirm","confirm":"074bf99e-85a9-4b7b-b412-528c3b05cc5e","ts":"2025-10-12T01:22:43.435+05:30","source":{"id":"0","name":"eventBus"}}
{"__type":"$$EventMessageWorkflow","id":"23fbd5c7-b685-4ed7-b566-27220153af4b","ts":"2025-10-12T01:23:49.176+05:30","eventName":"n8n.workflow.started","message":"n8n.workflow.started","payload":{"executionId":"14","workflowId":"W4bbgKqSRsQj5RSg","isManual":false,"workflowName":"My workflow"}}
{"__type":"$$EventMessageConfirm","confirm":"23fbd5c7-b685-4ed7-b566-27220153af4b","ts":"2025-10-12T01:23:49.177+05:30","source":{"id":"0","name":"eventBus"}}
{"__type":"$$EventMessageWorkflow","id":"e88a7805-da20-42e6-8a02-a959ea38baeb","ts":"2025-10-12T01:23:49.198+05:30","eventName":"n8n.workflow.success","message":"n8n.workflow.success","payload":{"userId":"a7433d17-0e5c-41eb-8495-c91b02a7b183","executionId":"14","success":true,"isManual":true,"workflowId":"W4bbgKqSRsQj5RSg","workflowName":"My workflow"}}
{"__type":"$$EventMessageConfirm","confirm":"e88a7805-da20-42e6-8a02-a959ea38baeb","ts":"2025-10-12T01:23:49.198+05:30","source":{"id":"0","name":"eventBus"}}
{"__type":"$$EventMessageWorkflow","id":"4395b340-5064-4d57-85a9-f3799fce5a67","ts":"2025-10-12T01:25:57.332+05:30","eventName":"n8n.workflow.started","message":"n8n.workflow.started","payload":{"executionId":"15","workflowId":"W4bbgKqSRsQj5RSg","isManual":false,"workflowName":"My workflow"}}
{"__type":"$$EventMessageConfirm","confirm":"4395b340-5064-4d57-85a9-f3799fce5a67","ts":"2025-10-12T01:25:57.333+05:30","source":{"id":"0","name":"eventBus"}}
{"__type":"$$EventMessageNode","id":"eca100d3-4052-4e53-84c9-b23ccc7c3a31","ts":"2025-10-12T01:25:57.335+05:30","eventName":"n8n.node.started","message":"n8n.node.started","payload":{"workflowId":"W4bbgKqSRsQj5RSg","workflowName":"My workflow","executionId":"15","nodeType":"n8n-nodes-base.if","nodeName":"If","nodeId":"f7418cc6-beaa-4f0f-a195-58fe7a016368"}}
{"__type":"$$EventMessageConfirm","confirm":"eca100d3-4052-4e53-84c9-b23ccc7c3a31","ts":"2025-10-12T01:25:57.335+05:30","source":{"id":"0","name":"eventBus"}}
{"__type":"$$EventMessageNode","id":"0d32d913-52e2-41c9-980b-311c203645f0","ts":"2025-10-12T01:25:57.350+05:30","eventName":"n8n.node.finished","message":"n8n.node.finished","payload":{"workflowId":"W4bbgKqSRsQj5RSg","workflowName":"My workflow","executionId":"15","nodeType":"n8n-nodes-base.if","nodeName":"If","nodeId":"f7418cc6-beaa-4f0f-a195-58fe7a016368"}}
{"__type":"$$EventMessageConfirm","confirm":"0d32d913-52e2-41c9-980b-311c203645f0","ts":"2025-10-12T01:25:57.350+05:30","source":{"id":"0","name":"eventBus"}}
{"__type":"$$EventMessageWorkflow","id":"1b833ce2-5d9a-488f-910e-9d31940d0270","ts":"2025-10-12T01:25:57.357+05:30","eventName":"n8n.workflow.success","message":"n8n.workflow.success","payload":{"userId":"a7433d17-0e5c-41eb-8495-c91b02a7b183","executionId":"15","success":true,"isManual":true,"workflowId":"W4bbgKqSRsQj5RSg","workflowName":"My workflow"}}
{"__type":"$$EventMessageConfirm","confirm":"1b833ce2-5d9a-488f-910e-9d31940d0270","ts":"2025-10-12T01:25:57.357+05:30","source":{"id":"0","name":"eventBus"}}
{"__type":"$$EventMessageWorkflow","id":"521bf38f-0e00-4c17-9b04-e9d9a812ab63","ts":"2025-10-12T01:26:07.133+05:30","eventName":"n8n.workflow.started","message":"n8n.workflow.started","payload":{"executionId":"16","workflowId":"W4bbgKqSRsQj5RSg","isManual":false,"workflowName":"My workflow"}}
{"__type":"$$EventMessageConfirm","confirm":"521bf38f-0e00-4c17-9b04-e9d9a812ab63","ts":"2025-10-12T01:26:07.133+05:30","source":{"id":"0","name":"eventBus"}}
{"__type":"$$EventMessageNode","id":"a726ce17-3a47-45e5-a363-7ca43c0e57b4","ts":"2025-10-12T01:26:07.135+05:30","eventName":"n8n.node.started","message":"n8n.node.started","payload":{"workflowId":"W4bbgKqSRsQj5RSg","workflowName":"My workflow","executionId":"16","nodeType":"n8n-nodes-base.gmail","nodeName":"Send a message","nodeId":"8a7c2a4a-c507-419c-91bf-d377a2dde4eb"}}
{"__type":"$$EventMessageConfirm","confirm":"a726ce17-3a47-45e5-a363-7ca43c0e57b4","ts":"2025-10-12T01:26:07.136+05:30","source":{"id":"0","name":"eventBus"}}
{"__type":"$$EventMessageNode","id":"46961363-632b-4f27-8663-77128c07930f","ts":"2025-10-12T01:26:07.413+05:30","eventName":"n8n.node.finished","message":"n8n.node.finished","payload":{"workflowId":"W4bbgKqSRsQj5RSg","workflowName":"My workflow","executionId":"16","nodeType":"n8n-nodes-base.gmail","nodeName":"Send a message","nodeId":"8a7c2a4a-c507-419c-91bf-d377a2dde4eb"}}
{"__type":"$$EventMessageConfirm","confirm":"46961363-632b-4f27-8663-77128c07930f","ts":"2025-10-12T01:26:07.413+05:30","source":{"id":"0","name":"eventBus"}}
{"__type":"$$EventMessageWorkflow","id":"6215051f-a8ce-4af7-bff3-b4250e47f6bc","ts":"2025-10-12T01:26:07.416+05:30","eventName":"n8n.workflow.failed","message":"n8n.workflow.failed","payload":{"userId":"a7433d17-0e5c-41eb-8495-c91b02a7b183","executionId":"16","success":false,"isManual":true,"workflowId":"W4bbgKqSRsQj5RSg","workflowName":"My workflow","lastNodeExecuted":"Send a message","errorNodeType":"n8n-nodes-base.gmail","errorMessage":"Cannot read properties of undefined (reading 'split') (item 0)"}}
{"__type":"$$EventMessageConfirm","confirm":"6215051f-a8ce-4af7-bff3-b4250e47f6bc","ts":"2025-10-12T01:26:07.417+05:30","source":{"id":"0","name":"eventBus"}}
{"__type":"$$EventMessageAudit","id":"a24a4b85-723b-4bf7-84fe-553ce459cde6","ts":"2025-10-12T01:39:11.748+05:30","eventName":"n8n.audit.user.credentials.created","message":"n8n.audit.user.credentials.created","payload":{"userId":"a7433d17-0e5c-41eb-8495-c91b02a7b183","_email":"anandgautam023@gmail.com","_firstName":"Gautam","_lastName":"Anand","globalRole":"global:owner","credentialType":"googleSheetsOAuth2Api","credentialId":"oRSxsCfYUfVpFBsE","publicApi":false,"projectId":"Iw2VbE54heQPB7QX","projectType":"personal"}}
{"__type":"$$EventMessageConfirm","confirm":"a24a4b85-723b-4bf7-84fe-553ce459cde6","ts":"2025-10-12T01:39:11.756+05:30","source":{"id":"0","name":"eventBus"}}
{"__type":"$$EventMessageWorkflow","id":"1e393697-19da-4c83-9052-c234702a268a","ts":"2025-10-12T01:44:37.920+05:30","eventName":"n8n.workflow.started","message":"n8n.workflow.started","payload":{"executionId":"17","workflowId":"W4bbgKqSRsQj5RSg","isManual":false,"workflowName":"My workflow"}}
{"__type":"$$EventMessageConfirm","confirm":"1e393697-19da-4c83-9052-c234702a268a","ts":"2025-10-12T01:44:37.922+05:30","source":{"id":"0","name":"eventBus"}}
{"__type":"$$EventMessageNode","id":"0fdc94e1-719c-488f-a58b-2d7f9f065287","ts":"2025-10-12T01:44:37.924+05:30","eventName":"n8n.node.started","message":"n8n.node.started","payload":{"workflowId":"W4bbgKqSRsQj5RSg","workflowName":"My workflow","executionId":"17","nodeType":"n8n-nodes-base.gmail","nodeName":"Send a message","nodeId":"8a7c2a4a-c507-419c-91bf-d377a2dde4eb"}}
{"__type":"$$EventMessageConfirm","confirm":"0fdc94e1-719c-488f-a58b-2d7f9f065287","ts":"2025-10-12T01:44:37.924+05:30","source":{"id":"0","name":"eventBus"}}
{"__type":"$$EventMessageNode","id":"9f31e571-7ef6-43a0-a8a3-43306e42881e","ts":"2025-10-12T01:44:44.496+05:30","eventName":"n8n.node.finished","message":"n8n.node.finished","payload":{"workflowId":"W4bbgKqSRsQj5RSg","workflowName":"My workflow","executionId":"17","nodeType":"n8n-nodes-base.gmail","nodeName":"Send a message","nodeId":"8a7c2a4a-c507-419c-91bf-d377a2dde4eb"}}
{"__type":"$$EventMessageConfirm","confirm":"9f31e571-7ef6-43a0-a8a3-43306e42881e","ts":"2025-10-12T01:44:44.496+05:30","source":{"id":"0","name":"eventBus"}}
{"__type":"$$EventMessageWorkflow","id":"606f009c-0a58-4b87-bb7d-536447e59a41","ts":"2025-10-12T01:44:44.533+05:30","eventName":"n8n.workflow.success","message":"n8n.workflow.success","payload":{"userId":"a7433d17-0e5c-41eb-8495-c91b02a7b183","executionId":"17","success":true,"isManual":true,"workflowId":"W4bbgKqSRsQj5RSg","workflowName":"My workflow"}}
{"__type":"$$EventMessageConfirm","confirm":"606f009c-0a58-4b87-bb7d-536447e59a41","ts":"2025-10-12T01:44:44.534+05:30","source":{"id":"0","name":"eventBus"}}
{"__type":"$$EventMessageAudit","id":"134122e1-4d57-4525-be2c-70d1bece1d0a","ts":"2025-10-12T02:12:56.306+05:30","eventName":"n8n.audit.user.credentials.created","message":"n8n.audit.user.credentials.created","payload":{"userId":"a7433d17-0e5c-41eb-8495-c91b02a7b183","_email":"anandgautam023@gmail.com","_firstName":"Gautam","_lastName":"Anand","globalRole":"global:owner","credentialType":"googleSheetsOAuth2Api","credentialId":"TmejcAPR1YSqhJ6Y","publicApi":false,"projectId":"Iw2VbE54heQPB7QX","projectType":"personal"}}
{"__type":"$$EventMessageConfirm","confirm":"134122e1-4d57-4525-be2c-70d1bece1d0a","ts":"2025-10-12T02:12:56.308+05:30","source":{"id":"0","name":"eventBus"}}
{"__type":"$$EventMessageAudit","id":"a1844d81-8dd8-4236-8b0a-a34e5c0b4e8b","ts":"2025-10-12T02:15:54.779+05:30","eventName":"n8n.audit.workflow.updated","message":"n8n.audit.workflow.updated","payload":{"userId":"a7433d17-0e5c-41eb-8495-c91b02a7b183","_email":"anandgautam023@gmail.com","_firstName":"Gautam","_lastName":"Anand","globalRole":"global:owner","workflowId":"W4bbgKqSRsQj5RSg","workflowName":"My workflow"}}
{"__type":"$$EventMessageConfirm","confirm":"a1844d81-8dd8-4236-8b0a-a34e5c0b4e8b","ts":"2025-10-12T02:15:54.780+05:30","source":{"id":"0","name":"eventBus"}}
