{"__type":"$$EventMessageWorkflow","id":"8c5555cb-b693-459a-8548-140c97dd61f6","ts":"2025-10-12T10:28:38.184+05:30","eventName":"n8n.workflow.started","message":"n8n.workflow.started","payload":{"executionId":"18","workflowId":"W4bbgKqSRsQj5RSg","isManual":false,"workflowName":"My workflow"}}
{"__type":"$$EventMessageConfirm","confirm":"8c5555cb-b693-459a-8548-140c97dd61f6","ts":"2025-10-12T10:28:38.186+05:30","source":{"id":"0","name":"eventBus"}}
{"__type":"$$EventMessageNode","id":"4a71dc74-4dba-4ab8-b300-8cc80120e23d","ts":"2025-10-12T10:28:38.192+05:30","eventName":"n8n.node.started","message":"n8n.node.started","payload":{"workflowId":"W4bbgKqSRsQj5RSg","workflowName":"My workflow","executionId":"18","nodeType":"n8n-nodes-base.webhook","nodeName":"Webhook","nodeId":"a889b0f0-19e2-4570-9f72-e9fc287de8f6"}}
{"__type":"$$EventMessageConfirm","confirm":"4a71dc74-4dba-4ab8-b300-8cc80120e23d","ts":"2025-10-12T10:28:38.192+05:30","source":{"id":"0","name":"eventBus"}}
{"__type":"$$EventMessageNode","id":"d67897d4-c903-414a-b158-fb0741ff688c","ts":"2025-10-12T10:28:38.197+05:30","eventName":"n8n.node.finished","message":"n8n.node.finished","payload":{"workflowId":"W4bbgKqSRsQj5RSg","workflowName":"My workflow","executionId":"18","nodeType":"n8n-nodes-base.webhook","nodeName":"Webhook","nodeId":"a889b0f0-19e2-4570-9f72-e9fc287de8f6"}}
{"__type":"$$EventMessageConfirm","confirm":"d67897d4-c903-414a-b158-fb0741ff688c","ts":"2025-10-12T10:28:38.197+05:30","source":{"id":"0","name":"eventBus"}}
{"__type":"$$EventMessageWorkflow","id":"482decd7-ac53-4cc7-a5c1-64fa612d34fe","ts":"2025-10-12T10:28:38.225+05:30","eventName":"n8n.workflow.success","message":"n8n.workflow.success","payload":{"executionId":"18","success":true,"isManual":true,"workflowId":"W4bbgKqSRsQj5RSg","workflowName":"My workflow"}}
{"__type":"$$EventMessageConfirm","confirm":"482decd7-ac53-4cc7-a5c1-64fa612d34fe","ts":"2025-10-12T10:28:38.225+05:30","source":{"id":"0","name":"eventBus"}}
{"__type":"$$EventMessageWorkflow","id":"7a6ffb09-ff24-4083-94d3-2182539af563","ts":"2025-10-12T10:28:48.273+05:30","eventName":"n8n.workflow.started","message":"n8n.workflow.started","payload":{"executionId":"19","workflowId":"W4bbgKqSRsQj5RSg","isManual":false,"workflowName":"My workflow"}}
{"__type":"$$EventMessageConfirm","confirm":"7a6ffb09-ff24-4083-94d3-2182539af563","ts":"2025-10-12T10:28:48.273+05:30","source":{"id":"0","name":"eventBus"}}
{"__type":"$$EventMessageNode","id":"719da6fb-ffa2-409d-ac69-ee65911da507","ts":"2025-10-12T10:28:48.274+05:30","eventName":"n8n.node.started","message":"n8n.node.started","payload":{"workflowId":"W4bbgKqSRsQj5RSg","workflowName":"My workflow","executionId":"19","nodeType":"n8n-nodes-base.switch","nodeName":"Switch","nodeId":"4d44b551-8c84-4a01-b253-3474022e0098"}}
{"__type":"$$EventMessageConfirm","confirm":"719da6fb-ffa2-409d-ac69-ee65911da507","ts":"2025-10-12T10:28:48.274+05:30","source":{"id":"0","name":"eventBus"}}
{"__type":"$$EventMessageNode","id":"ca583ae2-87b1-4fba-a214-ba4516fed642","ts":"2025-10-12T10:28:48.293+05:30","eventName":"n8n.node.finished","message":"n8n.node.finished","payload":{"workflowId":"W4bbgKqSRsQj5RSg","workflowName":"My workflow","executionId":"19","nodeType":"n8n-nodes-base.switch","nodeName":"Switch","nodeId":"4d44b551-8c84-4a01-b253-3474022e0098"}}
{"__type":"$$EventMessageConfirm","confirm":"ca583ae2-87b1-4fba-a214-ba4516fed642","ts":"2025-10-12T10:28:48.293+05:30","source":{"id":"0","name":"eventBus"}}
{"__type":"$$EventMessageWorkflow","id":"2ec73e9b-a2fe-419d-9a67-3525b2d1152c","ts":"2025-10-12T10:28:48.300+05:30","eventName":"n8n.workflow.success","message":"n8n.workflow.success","payload":{"userId":"a7433d17-0e5c-41eb-8495-c91b02a7b183","executionId":"19","success":true,"isManual":true,"workflowId":"W4bbgKqSRsQj5RSg","workflowName":"My workflow"}}
{"__type":"$$EventMessageConfirm","confirm":"2ec73e9b-a2fe-419d-9a67-3525b2d1152c","ts":"2025-10-12T10:28:48.300+05:30","source":{"id":"0","name":"eventBus"}}
{"__type":"$$EventMessageWorkflow","id":"5d2404d7-c76f-4a31-80b7-416b9bf760b0","ts":"2025-10-12T10:28:55.207+05:30","eventName":"n8n.workflow.started","message":"n8n.workflow.started","payload":{"executionId":"20","workflowId":"W4bbgKqSRsQj5RSg","isManual":false,"workflowName":"My workflow"}}
{"__type":"$$EventMessageConfirm","confirm":"5d2404d7-c76f-4a31-80b7-416b9bf760b0","ts":"2025-10-12T10:28:55.207+05:30","source":{"id":"0","name":"eventBus"}}
{"__type":"$$EventMessageNode","id":"c7488fdd-a4d9-4223-8dfa-f7964725e247","ts":"2025-10-12T10:28:55.208+05:30","eventName":"n8n.node.started","message":"n8n.node.started","payload":{"workflowId":"W4bbgKqSRsQj5RSg","workflowName":"My workflow","executionId":"20","nodeType":"n8n-nodes-base.if","nodeName":"If","nodeId":"f7418cc6-beaa-4f0f-a195-58fe7a016368"}}
{"__type":"$$EventMessageConfirm","confirm":"c7488fdd-a4d9-4223-8dfa-f7964725e247","ts":"2025-10-12T10:28:55.208+05:30","source":{"id":"0","name":"eventBus"}}
{"__type":"$$EventMessageNode","id":"301d2bed-eb86-4baf-8851-c4bd71a53583","ts":"2025-10-12T10:28:55.216+05:30","eventName":"n8n.node.finished","message":"n8n.node.finished","payload":{"workflowId":"W4bbgKqSRsQj5RSg","workflowName":"My workflow","executionId":"20","nodeType":"n8n-nodes-base.if","nodeName":"If","nodeId":"f7418cc6-beaa-4f0f-a195-58fe7a016368"}}
{"__type":"$$EventMessageConfirm","confirm":"301d2bed-eb86-4baf-8851-c4bd71a53583","ts":"2025-10-12T10:28:55.217+05:30","source":{"id":"0","name":"eventBus"}}
{"__type":"$$EventMessageWorkflow","id":"12be4551-8541-4531-8e07-21f2fb83839d","ts":"2025-10-12T10:28:55.220+05:30","eventName":"n8n.workflow.success","message":"n8n.workflow.success","payload":{"userId":"a7433d17-0e5c-41eb-8495-c91b02a7b183","executionId":"20","success":true,"isManual":true,"workflowId":"W4bbgKqSRsQj5RSg","workflowName":"My workflow"}}
{"__type":"$$EventMessageConfirm","confirm":"12be4551-8541-4531-8e07-21f2fb83839d","ts":"2025-10-12T10:28:55.220+05:30","source":{"id":"0","name":"eventBus"}}
{"__type":"$$EventMessageWorkflow","id":"e82906d1-dae8-41fd-8391-4fd3e623c287","ts":"2025-10-12T10:43:58.854+05:30","eventName":"n8n.workflow.started","message":"n8n.workflow.started","payload":{"executionId":"21","workflowId":"W4bbgKqSRsQj5RSg","isManual":false,"workflowName":"My workflow"}}
{"__type":"$$EventMessageConfirm","confirm":"e82906d1-dae8-41fd-8391-4fd3e623c287","ts":"2025-10-12T10:43:58.854+05:30","source":{"id":"0","name":"eventBus"}}
{"__type":"$$EventMessageNode","id":"35e07cad-341d-4ac9-ae6d-b81bb5852431","ts":"2025-10-12T10:43:58.856+05:30","eventName":"n8n.node.started","message":"n8n.node.started","payload":{"workflowId":"W4bbgKqSRsQj5RSg","workflowName":"My workflow","executionId":"21","nodeType":"n8n-nodes-base.googleSheets","nodeName":"Append row in sheet","nodeId":"c0e05488-9b6e-4ea5-abab-3899e1843086"}}
{"__type":"$$EventMessageConfirm","confirm":"35e07cad-341d-4ac9-ae6d-b81bb5852431","ts":"2025-10-12T10:43:58.856+05:30","source":{"id":"0","name":"eventBus"}}
{"__type":"$$EventMessageNode","id":"ae7eb0ff-8061-48a0-bb73-22ae9832c5f2","ts":"2025-10-12T10:44:10.837+05:30","eventName":"n8n.node.finished","message":"n8n.node.finished","payload":{"workflowId":"W4bbgKqSRsQj5RSg","workflowName":"My workflow","executionId":"21","nodeType":"n8n-nodes-base.googleSheets","nodeName":"Append row in sheet","nodeId":"c0e05488-9b6e-4ea5-abab-3899e1843086"}}
{"__type":"$$EventMessageConfirm","confirm":"ae7eb0ff-8061-48a0-bb73-22ae9832c5f2","ts":"2025-10-12T10:44:10.837+05:30","source":{"id":"0","name":"eventBus"}}
{"__type":"$$EventMessageWorkflow","id":"fd3b4a97-adb0-47b9-a1ea-8017bc7a1653","ts":"2025-10-12T10:44:10.846+05:30","eventName":"n8n.workflow.success","message":"n8n.workflow.success","payload":{"userId":"a7433d17-0e5c-41eb-8495-c91b02a7b183","executionId":"21","success":true,"isManual":true,"workflowId":"W4bbgKqSRsQj5RSg","workflowName":"My workflow"}}
{"__type":"$$EventMessageConfirm","confirm":"fd3b4a97-adb0-47b9-a1ea-8017bc7a1653","ts":"2025-10-12T10:44:10.846+05:30","source":{"id":"0","name":"eventBus"}}
{"__type":"$$EventMessageWorkflow","id":"b9e4b97a-1ef3-4772-922a-24c237ec7fdd","ts":"2025-10-12T10:46:37.047+05:30","eventName":"n8n.workflow.started","message":"n8n.workflow.started","payload":{"executionId":"22","workflowId":"W4bbgKqSRsQj5RSg","isManual":false,"workflowName":"My workflow"}}
{"__type":"$$EventMessageConfirm","confirm":"b9e4b97a-1ef3-4772-922a-24c237ec7fdd","ts":"2025-10-12T10:46:37.047+05:30","source":{"id":"0","name":"eventBus"}}
{"__type":"$$EventMessageNode","id":"eb8ac810-77c6-4125-80a8-5dbbc39c6c1a","ts":"2025-10-12T10:46:37.049+05:30","eventName":"n8n.node.started","message":"n8n.node.started","payload":{"workflowId":"W4bbgKqSRsQj5RSg","workflowName":"My workflow","executionId":"22","nodeType":"n8n-nodes-base.gmail","nodeName":"Send a message","nodeId":"8a7c2a4a-c507-419c-91bf-d377a2dde4eb"}}
{"__type":"$$EventMessageConfirm","confirm":"eb8ac810-77c6-4125-80a8-5dbbc39c6c1a","ts":"2025-10-12T10:46:37.050+05:30","source":{"id":"0","name":"eventBus"}}
{"__type":"$$EventMessageNode","id":"76f1e0f8-f757-4314-8d3c-2fb14f54f374","ts":"2025-10-12T10:46:44.528+05:30","eventName":"n8n.node.finished","message":"n8n.node.finished","payload":{"workflowId":"W4bbgKqSRsQj5RSg","workflowName":"My workflow","executionId":"22","nodeType":"n8n-nodes-base.gmail","nodeName":"Send a message","nodeId":"8a7c2a4a-c507-419c-91bf-d377a2dde4eb"}}
{"__type":"$$EventMessageConfirm","confirm":"76f1e0f8-f757-4314-8d3c-2fb14f54f374","ts":"2025-10-12T10:46:44.528+05:30","source":{"id":"0","name":"eventBus"}}
{"__type":"$$EventMessageWorkflow","id":"34ff0482-b242-4783-86c6-96f5da09053e","ts":"2025-10-12T10:46:44.537+05:30","eventName":"n8n.workflow.success","message":"n8n.workflow.success","payload":{"userId":"a7433d17-0e5c-41eb-8495-c91b02a7b183","executionId":"22","success":true,"isManual":true,"workflowId":"W4bbgKqSRsQj5RSg","workflowName":"My workflow"}}
{"__type":"$$EventMessageConfirm","confirm":"34ff0482-b242-4783-86c6-96f5da09053e","ts":"2025-10-12T10:46:44.537+05:30","source":{"id":"0","name":"eventBus"}}
{"__type":"$$EventMessageWorkflow","id":"fa2eb6cd-e9d3-4933-92ab-1201689340b3","ts":"2025-10-12T11:11:57.568+05:30","eventName":"n8n.workflow.started","message":"n8n.workflow.started","payload":{"executionId":"23","workflowId":"W4bbgKqSRsQj5RSg","isManual":false,"workflowName":"My workflow"}}
{"__type":"$$EventMessageConfirm","confirm":"fa2eb6cd-e9d3-4933-92ab-1201689340b3","ts":"2025-10-12T11:11:57.569+05:30","source":{"id":"0","name":"eventBus"}}
{"__type":"$$EventMessageNode","id":"fe20ad03-b072-4ef0-9e70-d354b6901c27","ts":"2025-10-12T11:11:57.570+05:30","eventName":"n8n.node.started","message":"n8n.node.started","payload":{"workflowId":"W4bbgKqSRsQj5RSg","workflowName":"My workflow","executionId":"23","nodeType":"n8n-nodes-base.webhook","nodeName":"Webhook","nodeId":"a889b0f0-19e2-4570-9f72-e9fc287de8f6"}}
{"__type":"$$EventMessageConfirm","confirm":"fe20ad03-b072-4ef0-9e70-d354b6901c27","ts":"2025-10-12T11:11:57.570+05:30","source":{"id":"0","name":"eventBus"}}
{"__type":"$$EventMessageNode","id":"6c238def-09e4-4c05-baf0-01853f769a2e","ts":"2025-10-12T11:11:57.572+05:30","eventName":"n8n.node.finished","message":"n8n.node.finished","payload":{"workflowId":"W4bbgKqSRsQj5RSg","workflowName":"My workflow","executionId":"23","nodeType":"n8n-nodes-base.webhook","nodeName":"Webhook","nodeId":"a889b0f0-19e2-4570-9f72-e9fc287de8f6"}}
{"__type":"$$EventMessageConfirm","confirm":"6c238def-09e4-4c05-baf0-01853f769a2e","ts":"2025-10-12T11:11:57.572+05:30","source":{"id":"0","name":"eventBus"}}
{"__type":"$$EventMessageWorkflow","id":"4c58f391-9b87-4b95-a5c0-63812d418985","ts":"2025-10-12T11:11:57.581+05:30","eventName":"n8n.workflow.success","message":"n8n.workflow.success","payload":{"executionId":"23","success":true,"isManual":true,"workflowId":"W4bbgKqSRsQj5RSg","workflowName":"My workflow"}}
{"__type":"$$EventMessageConfirm","confirm":"4c58f391-9b87-4b95-a5c0-63812d418985","ts":"2025-10-12T11:11:57.582+05:30","source":{"id":"0","name":"eventBus"}}
{"__type":"$$EventMessageWorkflow","id":"fc4a04bc-9c15-4fbf-9a6f-8b8b4d11ca8e","ts":"2025-10-12T11:12:08.452+05:30","eventName":"n8n.workflow.started","message":"n8n.workflow.started","payload":{"executionId":"24","workflowId":"W4bbgKqSRsQj5RSg","isManual":false,"workflowName":"My workflow"}}
{"__type":"$$EventMessageConfirm","confirm":"fc4a04bc-9c15-4fbf-9a6f-8b8b4d11ca8e","ts":"2025-10-12T11:12:08.452+05:30","source":{"id":"0","name":"eventBus"}}
{"__type":"$$EventMessageNode","id":"9cb7a803-e997-4ce4-acab-98c528f51942","ts":"2025-10-12T11:12:08.453+05:30","eventName":"n8n.node.started","message":"n8n.node.started","payload":{"workflowId":"W4bbgKqSRsQj5RSg","workflowName":"My workflow","executionId":"24","nodeType":"n8n-nodes-base.switch","nodeName":"Switch","nodeId":"4d44b551-8c84-4a01-b253-3474022e0098"}}
{"__type":"$$EventMessageConfirm","confirm":"9cb7a803-e997-4ce4-acab-98c528f51942","ts":"2025-10-12T11:12:08.453+05:30","source":{"id":"0","name":"eventBus"}}
{"__type":"$$EventMessageNode","id":"27ddeff7-0f6d-409e-b275-51208f2b8968","ts":"2025-10-12T11:12:08.487+05:30","eventName":"n8n.node.finished","message":"n8n.node.finished","payload":{"workflowId":"W4bbgKqSRsQj5RSg","workflowName":"My workflow","executionId":"24","nodeType":"n8n-nodes-base.switch","nodeName":"Switch","nodeId":"4d44b551-8c84-4a01-b253-3474022e0098"}}
{"__type":"$$EventMessageConfirm","confirm":"27ddeff7-0f6d-409e-b275-51208f2b8968","ts":"2025-10-12T11:12:08.487+05:30","source":{"id":"0","name":"eventBus"}}
{"__type":"$$EventMessageWorkflow","id":"7f3fde14-1292-4ac0-9874-c29cc64d20be","ts":"2025-10-12T11:12:08.496+05:30","eventName":"n8n.workflow.success","message":"n8n.workflow.success","payload":{"userId":"a7433d17-0e5c-41eb-8495-c91b02a7b183","executionId":"24","success":true,"isManual":true,"workflowId":"W4bbgKqSRsQj5RSg","workflowName":"My workflow"}}
{"__type":"$$EventMessageConfirm","confirm":"7f3fde14-1292-4ac0-9874-c29cc64d20be","ts":"2025-10-12T11:12:08.496+05:30","source":{"id":"0","name":"eventBus"}}
{"__type":"$$EventMessageWorkflow","id":"cc9ab968-6e93-4c95-9aab-90e1c6befcbb","ts":"2025-10-12T11:12:28.284+05:30","eventName":"n8n.workflow.started","message":"n8n.workflow.started","payload":{"executionId":"25","workflowId":"W4bbgKqSRsQj5RSg","isManual":false,"workflowName":"My workflow"}}
{"__type":"$$EventMessageConfirm","confirm":"cc9ab968-6e93-4c95-9aab-90e1c6befcbb","ts":"2025-10-12T11:12:28.284+05:30","source":{"id":"0","name":"eventBus"}}
{"__type":"$$EventMessageNode","id":"2fc5264e-574a-46cb-949d-f492d353817e","ts":"2025-10-12T11:12:28.287+05:30","eventName":"n8n.node.started","message":"n8n.node.started","payload":{"workflowId":"W4bbgKqSRsQj5RSg","workflowName":"My workflow","executionId":"25","nodeType":"n8n-nodes-base.if","nodeName":"If1","nodeId":"bad85e26-7647-442a-997a-132d528c69d9"}}
{"__type":"$$EventMessageConfirm","confirm":"2fc5264e-574a-46cb-949d-f492d353817e","ts":"2025-10-12T11:12:28.288+05:30","source":{"id":"0","name":"eventBus"}}
{"__type":"$$EventMessageNode","id":"ac33b202-d383-41b1-9ba6-536ed8684662","ts":"2025-10-12T11:12:28.330+05:30","eventName":"n8n.node.finished","message":"n8n.node.finished","payload":{"workflowId":"W4bbgKqSRsQj5RSg","workflowName":"My workflow","executionId":"25","nodeType":"n8n-nodes-base.if","nodeName":"If1","nodeId":"bad85e26-7647-442a-997a-132d528c69d9"}}
{"__type":"$$EventMessageConfirm","confirm":"ac33b202-d383-41b1-9ba6-536ed8684662","ts":"2025-10-12T11:12:28.331+05:30","source":{"id":"0","name":"eventBus"}}
{"__type":"$$EventMessageWorkflow","id":"b0fd8267-546b-4579-9061-17a9eee3cbef","ts":"2025-10-12T11:12:28.347+05:30","eventName":"n8n.workflow.success","message":"n8n.workflow.success","payload":{"userId":"a7433d17-0e5c-41eb-8495-c91b02a7b183","executionId":"25","success":true,"isManual":true,"workflowId":"W4bbgKqSRsQj5RSg","workflowName":"My workflow"}}
{"__type":"$$EventMessageConfirm","confirm":"b0fd8267-546b-4579-9061-17a9eee3cbef","ts":"2025-10-12T11:12:28.348+05:30","source":{"id":"0","name":"eventBus"}}
{"__type":"$$EventMessageWorkflow","id":"f8e6a3c5-1a8b-490e-87a9-5cbc9770a496","ts":"2025-10-12T11:20:17.503+05:30","eventName":"n8n.workflow.started","message":"n8n.workflow.started","payload":{"executionId":"26","workflowId":"W4bbgKqSRsQj5RSg","isManual":false,"workflowName":"My workflow"}}
{"__type":"$$EventMessageConfirm","confirm":"f8e6a3c5-1a8b-490e-87a9-5cbc9770a496","ts":"2025-10-12T11:20:17.503+05:30","source":{"id":"0","name":"eventBus"}}
{"__type":"$$EventMessageNode","id":"ca206575-e2b2-4fd0-be9d-1d78ccb85f27","ts":"2025-10-12T11:20:17.509+05:30","eventName":"n8n.node.started","message":"n8n.node.started","payload":{"workflowId":"W4bbgKqSRsQj5RSg","workflowName":"My workflow","executionId":"26","nodeType":"n8n-nodes-base.googleSheets","nodeName":"Append row in sheet1","nodeId":"748f75e7-c243-404a-bb7c-3271618237dc"}}
{"__type":"$$EventMessageConfirm","confirm":"ca206575-e2b2-4fd0-be9d-1d78ccb85f27","ts":"2025-10-12T11:20:17.510+05:30","source":{"id":"0","name":"eventBus"}}
{"__type":"$$EventMessageNode","id":"7fc63e73-ffbf-4eb4-983f-a5560cf88ecd","ts":"2025-10-12T11:20:31.356+05:30","eventName":"n8n.node.finished","message":"n8n.node.finished","payload":{"workflowId":"W4bbgKqSRsQj5RSg","workflowName":"My workflow","executionId":"26","nodeType":"n8n-nodes-base.googleSheets","nodeName":"Append row in sheet1","nodeId":"748f75e7-c243-404a-bb7c-3271618237dc"}}
{"__type":"$$EventMessageConfirm","confirm":"7fc63e73-ffbf-4eb4-983f-a5560cf88ecd","ts":"2025-10-12T11:20:31.357+05:30","source":{"id":"0","name":"eventBus"}}
{"__type":"$$EventMessageWorkflow","id":"e51d9518-6f60-4654-acb8-636a88d3e763","ts":"2025-10-12T11:20:31.372+05:30","eventName":"n8n.workflow.success","message":"n8n.workflow.success","payload":{"userId":"a7433d17-0e5c-41eb-8495-c91b02a7b183","executionId":"26","success":true,"isManual":true,"workflowId":"W4bbgKqSRsQj5RSg","workflowName":"My workflow"}}
{"__type":"$$EventMessageConfirm","confirm":"e51d9518-6f60-4654-acb8-636a88d3e763","ts":"2025-10-12T11:20:31.376+05:30","source":{"id":"0","name":"eventBus"}}
{"__type":"$$EventMessageWorkflow","id":"07310153-1bc2-4a71-b318-c816fdf078e2","ts":"2025-10-12T11:27:01.958+05:30","eventName":"n8n.workflow.started","message":"n8n.workflow.started","payload":{"executionId":"27","workflowId":"W4bbgKqSRsQj5RSg","isManual":false,"workflowName":"My workflow"}}
{"__type":"$$EventMessageConfirm","confirm":"07310153-1bc2-4a71-b318-c816fdf078e2","ts":"2025-10-12T11:27:01.959+05:30","source":{"id":"0","name":"eventBus"}}
{"__type":"$$EventMessageNode","id":"aca851af-d1b6-4477-a3fd-8c1a384777e2","ts":"2025-10-12T11:27:01.969+05:30","eventName":"n8n.node.started","message":"n8n.node.started","payload":{"workflowId":"W4bbgKqSRsQj5RSg","workflowName":"My workflow","executionId":"27","nodeType":"n8n-nodes-base.gmail","nodeName":"Send a message1","nodeId":"51e3cf91-3439-4e76-8d98-25700efcbc34"}}
{"__type":"$$EventMessageConfirm","confirm":"aca851af-d1b6-4477-a3fd-8c1a384777e2","ts":"2025-10-12T11:27:01.969+05:30","source":{"id":"0","name":"eventBus"}}
{"__type":"$$EventMessageNode","id":"65ef93cf-da99-4da8-b828-f0a81066c172","ts":"2025-10-12T11:27:05.077+05:30","eventName":"n8n.node.finished","message":"n8n.node.finished","payload":{"workflowId":"W4bbgKqSRsQj5RSg","workflowName":"My workflow","executionId":"27","nodeType":"n8n-nodes-base.gmail","nodeName":"Send a message1","nodeId":"51e3cf91-3439-4e76-8d98-25700efcbc34"}}
{"__type":"$$EventMessageConfirm","confirm":"65ef93cf-da99-4da8-b828-f0a81066c172","ts":"2025-10-12T11:27:05.077+05:30","source":{"id":"0","name":"eventBus"}}
{"__type":"$$EventMessageWorkflow","id":"173f198a-5429-49d3-bfea-50963214d703","ts":"2025-10-12T11:27:05.093+05:30","eventName":"n8n.workflow.success","message":"n8n.workflow.success","payload":{"userId":"a7433d17-0e5c-41eb-8495-c91b02a7b183","executionId":"27","success":true,"isManual":true,"workflowId":"W4bbgKqSRsQj5RSg","workflowName":"My workflow"}}
{"__type":"$$EventMessageConfirm","confirm":"173f198a-5429-49d3-bfea-50963214d703","ts":"2025-10-12T11:27:05.093+05:30","source":{"id":"0","name":"eventBus"}}
{"__type":"$$EventMessageWorkflow","id":"69ca88cd-c308-46d4-9fff-8c621d8b03a6","ts":"2025-10-12T11:28:33.089+05:30","eventName":"n8n.workflow.started","message":"n8n.workflow.started","payload":{"executionId":"28","workflowId":"W4bbgKqSRsQj5RSg","isManual":false,"workflowName":"My workflow"}}
{"__type":"$$EventMessageConfirm","confirm":"69ca88cd-c308-46d4-9fff-8c621d8b03a6","ts":"2025-10-12T11:28:33.090+05:30","source":{"id":"0","name":"eventBus"}}
{"__type":"$$EventMessageNode","id":"c89d77fb-217a-4821-bc21-5edbb47fa318","ts":"2025-10-12T11:28:33.093+05:30","eventName":"n8n.node.started","message":"n8n.node.started","payload":{"workflowId":"W4bbgKqSRsQj5RSg","workflowName":"My workflow","executionId":"28","nodeType":"n8n-nodes-base.webhook","nodeName":"Webhook","nodeId":"a889b0f0-19e2-4570-9f72-e9fc287de8f6"}}
{"__type":"$$EventMessageConfirm","confirm":"c89d77fb-217a-4821-bc21-5edbb47fa318","ts":"2025-10-12T11:28:33.094+05:30","source":{"id":"0","name":"eventBus"}}
{"__type":"$$EventMessageNode","id":"bb643642-a4bb-4bbc-8703-ca8964542c31","ts":"2025-10-12T11:28:33.096+05:30","eventName":"n8n.node.finished","message":"n8n.node.finished","payload":{"workflowId":"W4bbgKqSRsQj5RSg","workflowName":"My workflow","executionId":"28","nodeType":"n8n-nodes-base.webhook","nodeName":"Webhook","nodeId":"a889b0f0-19e2-4570-9f72-e9fc287de8f6"}}
{"__type":"$$EventMessageConfirm","confirm":"bb643642-a4bb-4bbc-8703-ca8964542c31","ts":"2025-10-12T11:28:33.096+05:30","source":{"id":"0","name":"eventBus"}}
{"__type":"$$EventMessageWorkflow","id":"dbb07daf-c853-44b4-900a-638f5824de4c","ts":"2025-10-12T11:28:33.118+05:30","eventName":"n8n.workflow.success","message":"n8n.workflow.success","payload":{"executionId":"28","success":true,"isManual":true,"workflowId":"W4bbgKqSRsQj5RSg","workflowName":"My workflow"}}
{"__type":"$$EventMessageConfirm","confirm":"dbb07daf-c853-44b4-900a-638f5824de4c","ts":"2025-10-12T11:28:33.119+05:30","source":{"id":"0","name":"eventBus"}}
{"__type":"$$EventMessageWorkflow","id":"d53dfabc-24a0-4140-84cf-991f86bc3365","ts":"2025-10-12T11:28:58.089+05:30","eventName":"n8n.workflow.started","message":"n8n.workflow.started","payload":{"executionId":"29","workflowId":"W4bbgKqSRsQj5RSg","isManual":false,"workflowName":"My workflow"}}
{"__type":"$$EventMessageConfirm","confirm":"d53dfabc-24a0-4140-84cf-991f86bc3365","ts":"2025-10-12T11:28:58.090+05:30","source":{"id":"0","name":"eventBus"}}
{"__type":"$$EventMessageNode","id":"488ccfb0-c27d-43f2-b38f-c287a040476e","ts":"2025-10-12T11:28:58.093+05:30","eventName":"n8n.node.started","message":"n8n.node.started","payload":{"workflowId":"W4bbgKqSRsQj5RSg","workflowName":"My workflow","executionId":"29","nodeType":"n8n-nodes-base.switch","nodeName":"Switch","nodeId":"4d44b551-8c84-4a01-b253-3474022e0098"}}
{"__type":"$$EventMessageConfirm","confirm":"488ccfb0-c27d-43f2-b38f-c287a040476e","ts":"2025-10-12T11:28:58.093+05:30","source":{"id":"0","name":"eventBus"}}
{"__type":"$$EventMessageNode","id":"83303d36-2331-4036-9aec-fb77871f8263","ts":"2025-10-12T11:28:58.153+05:30","eventName":"n8n.node.finished","message":"n8n.node.finished","payload":{"workflowId":"W4bbgKqSRsQj5RSg","workflowName":"My workflow","executionId":"29","nodeType":"n8n-nodes-base.switch","nodeName":"Switch","nodeId":"4d44b551-8c84-4a01-b253-3474022e0098"}}
{"__type":"$$EventMessageConfirm","confirm":"83303d36-2331-4036-9aec-fb77871f8263","ts":"2025-10-12T11:28:58.154+05:30","source":{"id":"0","name":"eventBus"}}
{"__type":"$$EventMessageWorkflow","id":"9d2e9451-0eb1-469e-8e82-eb34efa89c5c","ts":"2025-10-12T11:28:58.172+05:30","eventName":"n8n.workflow.success","message":"n8n.workflow.success","payload":{"userId":"a7433d17-0e5c-41eb-8495-c91b02a7b183","executionId":"29","success":true,"isManual":true,"workflowId":"W4bbgKqSRsQj5RSg","workflowName":"My workflow"}}
{"__type":"$$EventMessageConfirm","confirm":"9d2e9451-0eb1-469e-8e82-eb34efa89c5c","ts":"2025-10-12T11:28:58.172+05:30","source":{"id":"0","name":"eventBus"}}
{"__type":"$$EventMessageWorkflow","id":"28f86dbc-cb12-4be0-8bc0-5ccb0ec5cd2a","ts":"2025-10-12T11:29:18.370+05:30","eventName":"n8n.workflow.started","message":"n8n.workflow.started","payload":{"executionId":"30","workflowId":"W4bbgKqSRsQj5RSg","isManual":false,"workflowName":"My workflow"}}
{"__type":"$$EventMessageConfirm","confirm":"28f86dbc-cb12-4be0-8bc0-5ccb0ec5cd2a","ts":"2025-10-12T11:29:18.370+05:30","source":{"id":"0","name":"eventBus"}}
{"__type":"$$EventMessageNode","id":"da461c41-1b97-463a-a951-5a5347c6c1f1","ts":"2025-10-12T11:29:18.371+05:30","eventName":"n8n.node.started","message":"n8n.node.started","payload":{"workflowId":"W4bbgKqSRsQj5RSg","workflowName":"My workflow","executionId":"30","nodeType":"n8n-nodes-base.if","nodeName":"If2","nodeId":"30758771-a13b-46fa-82d2-7b246fad6df4"}}
{"__type":"$$EventMessageConfirm","confirm":"da461c41-1b97-463a-a951-5a5347c6c1f1","ts":"2025-10-12T11:29:18.371+05:30","source":{"id":"0","name":"eventBus"}}
{"__type":"$$EventMessageNode","id":"b9cb35f1-f17d-429b-9f4a-0824a02576d0","ts":"2025-10-12T11:29:18.388+05:30","eventName":"n8n.node.finished","message":"n8n.node.finished","payload":{"workflowId":"W4bbgKqSRsQj5RSg","workflowName":"My workflow","executionId":"30","nodeType":"n8n-nodes-base.if","nodeName":"If2","nodeId":"30758771-a13b-46fa-82d2-7b246fad6df4"}}
{"__type":"$$EventMessageConfirm","confirm":"b9cb35f1-f17d-429b-9f4a-0824a02576d0","ts":"2025-10-12T11:29:18.389+05:30","source":{"id":"0","name":"eventBus"}}
{"__type":"$$EventMessageWorkflow","id":"e72c7417-bf3e-4b45-9b77-3183ef1ce012","ts":"2025-10-12T11:29:18.397+05:30","eventName":"n8n.workflow.success","message":"n8n.workflow.success","payload":{"userId":"a7433d17-0e5c-41eb-8495-c91b02a7b183","executionId":"30","success":true,"isManual":true,"workflowId":"W4bbgKqSRsQj5RSg","workflowName":"My workflow"}}
{"__type":"$$EventMessageConfirm","confirm":"e72c7417-bf3e-4b45-9b77-3183ef1ce012","ts":"2025-10-12T11:29:18.397+05:30","source":{"id":"0","name":"eventBus"}}
{"__type":"$$EventMessageWorkflow","id":"a874bc9b-b5c9-4265-a2c4-176f5fd85724","ts":"2025-10-12T11:30:53.338+05:30","eventName":"n8n.workflow.started","message":"n8n.workflow.started","payload":{"executionId":"31","workflowId":"W4bbgKqSRsQj5RSg","isManual":false,"workflowName":"My workflow"}}
{"__type":"$$EventMessageConfirm","confirm":"a874bc9b-b5c9-4265-a2c4-176f5fd85724","ts":"2025-10-12T11:30:53.338+05:30","source":{"id":"0","name":"eventBus"}}
{"__type":"$$EventMessageNode","id":"ca1e03f2-2e07-4331-b779-cbad917475a4","ts":"2025-10-12T11:30:53.339+05:30","eventName":"n8n.node.started","message":"n8n.node.started","payload":{"workflowId":"W4bbgKqSRsQj5RSg","workflowName":"My workflow","executionId":"31","nodeType":"n8n-nodes-base.googleSheets","nodeName":"Append row in sheet2","nodeId":"80c3999e-feb9-4e72-a12f-6bd0866db0b0"}}
{"__type":"$$EventMessageConfirm","confirm":"ca1e03f2-2e07-4331-b779-cbad917475a4","ts":"2025-10-12T11:30:53.339+05:30","source":{"id":"0","name":"eventBus"}}
{"__type":"$$EventMessageNode","id":"a75d579f-c74c-40db-868c-b9292867f6ef","ts":"2025-10-12T11:31:05.558+05:30","eventName":"n8n.node.finished","message":"n8n.node.finished","payload":{"workflowId":"W4bbgKqSRsQj5RSg","workflowName":"My workflow","executionId":"31","nodeType":"n8n-nodes-base.googleSheets","nodeName":"Append row in sheet2","nodeId":"80c3999e-feb9-4e72-a12f-6bd0866db0b0"}}
{"__type":"$$EventMessageConfirm","confirm":"a75d579f-c74c-40db-868c-b9292867f6ef","ts":"2025-10-12T11:31:05.558+05:30","source":{"id":"0","name":"eventBus"}}
{"__type":"$$EventMessageWorkflow","id":"3399203e-2a59-4910-8f37-e6686eb7cf77","ts":"2025-10-12T11:31:05.569+05:30","eventName":"n8n.workflow.success","message":"n8n.workflow.success","payload":{"userId":"a7433d17-0e5c-41eb-8495-c91b02a7b183","executionId":"31","success":true,"isManual":true,"workflowId":"W4bbgKqSRsQj5RSg","workflowName":"My workflow"}}
{"__type":"$$EventMessageConfirm","confirm":"3399203e-2a59-4910-8f37-e6686eb7cf77","ts":"2025-10-12T11:31:05.570+05:30","source":{"id":"0","name":"eventBus"}}
{"__type":"$$EventMessageWorkflow","id":"0ab3de3a-a336-4ff3-b36e-069f1e570498","ts":"2025-10-12T11:36:22.091+05:30","eventName":"n8n.workflow.started","message":"n8n.workflow.started","payload":{"executionId":"32","workflowId":"W4bbgKqSRsQj5RSg","isManual":false,"workflowName":"My workflow"}}
{"__type":"$$EventMessageConfirm","confirm":"0ab3de3a-a336-4ff3-b36e-069f1e570498","ts":"2025-10-12T11:36:22.092+05:30","source":{"id":"0","name":"eventBus"}}
{"__type":"$$EventMessageNode","id":"91c42ad2-e140-49c3-b5d5-4200d96e7d20","ts":"2025-10-12T11:36:22.096+05:30","eventName":"n8n.node.started","message":"n8n.node.started","payload":{"workflowId":"W4bbgKqSRsQj5RSg","workflowName":"My workflow","executionId":"32","nodeType":"n8n-nodes-base.gmail","nodeName":"Send a message2","nodeId":"62d30df9-243c-40f1-86c6-4303d47486f9"}}
{"__type":"$$EventMessageConfirm","confirm":"91c42ad2-e140-49c3-b5d5-4200d96e7d20","ts":"2025-10-12T11:36:22.097+05:30","source":{"id":"0","name":"eventBus"}}
{"__type":"$$EventMessageNode","id":"ef95dc95-93d3-4d25-b707-8cfe0d5bc04c","ts":"2025-10-12T11:36:24.870+05:30","eventName":"n8n.node.finished","message":"n8n.node.finished","payload":{"workflowId":"W4bbgKqSRsQj5RSg","workflowName":"My workflow","executionId":"32","nodeType":"n8n-nodes-base.gmail","nodeName":"Send a message2","nodeId":"62d30df9-243c-40f1-86c6-4303d47486f9"}}
{"__type":"$$EventMessageConfirm","confirm":"ef95dc95-93d3-4d25-b707-8cfe0d5bc04c","ts":"2025-10-12T11:36:24.871+05:30","source":{"id":"0","name":"eventBus"}}
{"__type":"$$EventMessageWorkflow","id":"41fb118a-f715-47dd-bb88-fc28dc9d2877","ts":"2025-10-12T11:36:24.880+05:30","eventName":"n8n.workflow.success","message":"n8n.workflow.success","payload":{"userId":"a7433d17-0e5c-41eb-8495-c91b02a7b183","executionId":"32","success":true,"isManual":true,"workflowId":"W4bbgKqSRsQj5RSg","workflowName":"My workflow"}}
{"__type":"$$EventMessageConfirm","confirm":"41fb118a-f715-47dd-bb88-fc28dc9d2877","ts":"2025-10-12T11:36:24.880+05:30","source":{"id":"0","name":"eventBus"}}
{"__type":"$$EventMessageAudit","id":"e59d7b7e-a9d8-4f51-8894-221ed0757af3","ts":"2025-10-12T12:16:49.430+05:30","eventName":"n8n.audit.workflow.updated","message":"n8n.audit.workflow.updated","payload":{"userId":"a7433d17-0e5c-41eb-8495-c91b02a7b183","_email":"anandgautam023@gmail.com","_firstName":"Gautam","_lastName":"Anand","globalRole":"global:owner","workflowId":"W4bbgKqSRsQj5RSg","workflowName":"My workflow"}}
{"__type":"$$EventMessageConfirm","confirm":"e59d7b7e-a9d8-4f51-8894-221ed0757af3","ts":"2025-10-12T12:16:49.456+05:30","source":{"id":"0","name":"eventBus"}}
