{"__type":"$$EventMessageWorkflow","id":"874ed7f6-1715-4d47-a1fe-c7ec17dc7bbd","ts":"2025-10-12T22:08:30.707+05:30","eventName":"n8n.workflow.started","message":"n8n.workflow.started","payload":{"executionId":"33","workflowId":"W4bbgKqSRsQj5RSg","isManual":false,"workflowName":"My workflow"}}
{"__type":"$$EventMessageConfirm","confirm":"874ed7f6-1715-4d47-a1fe-c7ec17dc7bbd","ts":"2025-10-12T22:08:30.718+05:30","source":{"id":"0","name":"eventBus"}}
{"__type":"$$EventMessageNode","id":"9235ffc3-9519-4277-baaf-03920bdbf54d","ts":"2025-10-12T22:08:30.727+05:30","eventName":"n8n.node.started","message":"n8n.node.started","payload":{"workflowId":"W4bbgKqSRsQj5RSg","workflowName":"My workflow","executionId":"33","nodeType":"n8n-nodes-base.webhook","nodeName":"Webhook","nodeId":"a889b0f0-19e2-4570-9f72-e9fc287de8f6"}}
{"__type":"$$EventMessageConfirm","confirm":"9235ffc3-9519-4277-baaf-03920bdbf54d","ts":"2025-10-12T22:08:30.728+05:30","source":{"id":"0","name":"eventBus"}}
{"__type":"$$EventMessageNode","id":"569d26a3-0963-42f2-a899-bd3cbe304864","ts":"2025-10-12T22:08:30.737+05:30","eventName":"n8n.node.finished","message":"n8n.node.finished","payload":{"workflowId":"W4bbgKqSRsQj5RSg","workflowName":"My workflow","executionId":"33","nodeType":"n8n-nodes-base.webhook","nodeName":"Webhook","nodeId":"a889b0f0-19e2-4570-9f72-e9fc287de8f6"}}
{"__type":"$$EventMessageConfirm","confirm":"569d26a3-0963-42f2-a899-bd3cbe304864","ts":"2025-10-12T22:08:30.737+05:30","source":{"id":"0","name":"eventBus"}}
{"__type":"$$EventMessageNode","id":"d7a75aeb-8bf8-449d-b909-3f4f69988d24","ts":"2025-10-12T22:08:30.741+05:30","eventName":"n8n.node.started","message":"n8n.node.started","payload":{"workflowId":"W4bbgKqSRsQj5RSg","workflowName":"My workflow","executionId":"33","nodeType":"n8n-nodes-base.switch","nodeName":"Switch node for the response from Agents","nodeId":"4d44b551-8c84-4a01-b253-3474022e0098"}}
{"__type":"$$EventMessageConfirm","confirm":"d7a75aeb-8bf8-449d-b909-3f4f69988d24","ts":"2025-10-12T22:08:30.742+05:30","source":{"id":"0","name":"eventBus"}}
{"__type":"$$EventMessageNode","id":"864d40e7-416c-46ce-8701-380132e280d5","ts":"2025-10-12T22:08:30.868+05:30","eventName":"n8n.node.finished","message":"n8n.node.finished","payload":{"workflowId":"W4bbgKqSRsQj5RSg","workflowName":"My workflow","executionId":"33","nodeType":"n8n-nodes-base.switch","nodeName":"Switch node for the response from Agents","nodeId":"4d44b551-8c84-4a01-b253-3474022e0098"}}
{"__type":"$$EventMessageConfirm","confirm":"864d40e7-416c-46ce-8701-380132e280d5","ts":"2025-10-12T22:08:30.869+05:30","source":{"id":"0","name":"eventBus"}}
{"__type":"$$EventMessageNode","id":"afdfd1f5-d152-4917-9ff6-69fe231c73c6","ts":"2025-10-12T22:08:30.870+05:30","eventName":"n8n.node.started","message":"n8n.node.started","payload":{"workflowId":"W4bbgKqSRsQj5RSg","workflowName":"My workflow","executionId":"33","nodeType":"n8n-nodes-base.if","nodeName":"if response from AI Agent and downtime > 4","nodeId":"f7418cc6-beaa-4f0f-a195-58fe7a016368"}}
{"__type":"$$EventMessageConfirm","confirm":"afdfd1f5-d152-4917-9ff6-69fe231c73c6","ts":"2025-10-12T22:08:30.871+05:30","source":{"id":"0","name":"eventBus"}}
{"__type":"$$EventMessageNode","id":"7581ac52-f960-44c9-96ba-21176ddc6465","ts":"2025-10-12T22:08:30.887+05:30","eventName":"n8n.node.finished","message":"n8n.node.finished","payload":{"workflowId":"W4bbgKqSRsQj5RSg","workflowName":"My workflow","executionId":"33","nodeType":"n8n-nodes-base.if","nodeName":"if response from AI Agent and downtime > 4","nodeId":"f7418cc6-beaa-4f0f-a195-58fe7a016368"}}
{"__type":"$$EventMessageConfirm","confirm":"7581ac52-f960-44c9-96ba-21176ddc6465","ts":"2025-10-12T22:08:30.888+05:30","source":{"id":"0","name":"eventBus"}}
{"__type":"$$EventMessageWorkflow","id":"ce9e0bde-edfc-4e64-a9ca-30a28574db85","ts":"2025-10-12T22:08:30.944+05:30","eventName":"n8n.workflow.success","message":"n8n.workflow.success","payload":{"executionId":"33","success":true,"isManual":true,"workflowId":"W4bbgKqSRsQj5RSg","workflowName":"My workflow"}}
{"__type":"$$EventMessageConfirm","confirm":"ce9e0bde-edfc-4e64-a9ca-30a28574db85","ts":"2025-10-12T22:08:30.945+05:30","source":{"id":"0","name":"eventBus"}}
{"__type":"$$EventMessageWorkflow","id":"b8aa8932-424a-441b-8a75-5053e640e5f9","ts":"2025-10-12T22:13:00.261+05:30","eventName":"n8n.workflow.started","message":"n8n.workflow.started","payload":{"executionId":"34","workflowId":"W4bbgKqSRsQj5RSg","isManual":false,"workflowName":"My workflow"}}
{"__type":"$$EventMessageConfirm","confirm":"b8aa8932-424a-441b-8a75-5053e640e5f9","ts":"2025-10-12T22:13:00.262+05:30","source":{"id":"0","name":"eventBus"}}
{"__type":"$$EventMessageNode","id":"99d810b0-c895-4ecc-8680-39b8226cf2fb","ts":"2025-10-12T22:13:00.291+05:30","eventName":"n8n.node.started","message":"n8n.node.started","payload":{"workflowId":"W4bbgKqSRsQj5RSg","workflowName":"My workflow","executionId":"34","nodeType":"n8n-nodes-base.webhook","nodeName":"Webhook","nodeId":"a889b0f0-19e2-4570-9f72-e9fc287de8f6"}}
{"__type":"$$EventMessageConfirm","confirm":"99d810b0-c895-4ecc-8680-39b8226cf2fb","ts":"2025-10-12T22:13:00.292+05:30","source":{"id":"0","name":"eventBus"}}
{"__type":"$$EventMessageNode","id":"b7358ff5-3f8f-4add-973f-138b1352d5d3","ts":"2025-10-12T22:13:00.297+05:30","eventName":"n8n.node.finished","message":"n8n.node.finished","payload":{"workflowId":"W4bbgKqSRsQj5RSg","workflowName":"My workflow","executionId":"34","nodeType":"n8n-nodes-base.webhook","nodeName":"Webhook","nodeId":"a889b0f0-19e2-4570-9f72-e9fc287de8f6"}}
{"__type":"$$EventMessageConfirm","confirm":"b7358ff5-3f8f-4add-973f-138b1352d5d3","ts":"2025-10-12T22:13:00.297+05:30","source":{"id":"0","name":"eventBus"}}
{"__type":"$$EventMessageNode","id":"f5659745-467d-499c-953b-dad0276bde05","ts":"2025-10-12T22:13:00.298+05:30","eventName":"n8n.node.started","message":"n8n.node.started","payload":{"workflowId":"W4bbgKqSRsQj5RSg","workflowName":"My workflow","executionId":"34","nodeType":"n8n-nodes-base.switch","nodeName":"Switch node for the response from Agents","nodeId":"4d44b551-8c84-4a01-b253-3474022e0098"}}
{"__type":"$$EventMessageConfirm","confirm":"f5659745-467d-499c-953b-dad0276bde05","ts":"2025-10-12T22:13:00.299+05:30","source":{"id":"0","name":"eventBus"}}
{"__type":"$$EventMessageNode","id":"eeb906a2-e407-4ebc-a0a8-d4a988589042","ts":"2025-10-12T22:13:00.322+05:30","eventName":"n8n.node.finished","message":"n8n.node.finished","payload":{"workflowId":"W4bbgKqSRsQj5RSg","workflowName":"My workflow","executionId":"34","nodeType":"n8n-nodes-base.switch","nodeName":"Switch node for the response from Agents","nodeId":"4d44b551-8c84-4a01-b253-3474022e0098"}}
{"__type":"$$EventMessageConfirm","confirm":"eeb906a2-e407-4ebc-a0a8-d4a988589042","ts":"2025-10-12T22:13:00.323+05:30","source":{"id":"0","name":"eventBus"}}
{"__type":"$$EventMessageNode","id":"b9215ef5-a89f-42bb-abb4-9704176ae292","ts":"2025-10-12T22:13:00.324+05:30","eventName":"n8n.node.started","message":"n8n.node.started","payload":{"workflowId":"W4bbgKqSRsQj5RSg","workflowName":"My workflow","executionId":"34","nodeType":"n8n-nodes-base.if","nodeName":"If response from Sentiment Summarizer and sentiment is low","nodeId":"30758771-a13b-46fa-82d2-7b246fad6df4"}}
{"__type":"$$EventMessageConfirm","confirm":"b9215ef5-a89f-42bb-abb4-9704176ae292","ts":"2025-10-12T22:13:00.325+05:30","source":{"id":"0","name":"eventBus"}}
{"__type":"$$EventMessageNode","id":"87347784-a707-4339-9f7d-581df882a4dc","ts":"2025-10-12T22:13:00.372+05:30","eventName":"n8n.node.finished","message":"n8n.node.finished","payload":{"workflowId":"W4bbgKqSRsQj5RSg","workflowName":"My workflow","executionId":"34","nodeType":"n8n-nodes-base.if","nodeName":"If response from Sentiment Summarizer and sentiment is low","nodeId":"30758771-a13b-46fa-82d2-7b246fad6df4"}}
{"__type":"$$EventMessageConfirm","confirm":"87347784-a707-4339-9f7d-581df882a4dc","ts":"2025-10-12T22:13:00.372+05:30","source":{"id":"0","name":"eventBus"}}
{"__type":"$$EventMessageNode","id":"4aecafe2-8c32-4555-a0bb-70f4103c5624","ts":"2025-10-12T22:13:00.374+05:30","eventName":"n8n.node.started","message":"n8n.node.started","payload":{"workflowId":"W4bbgKqSRsQj5RSg","workflowName":"My workflow","executionId":"34","nodeType":"n8n-nodes-base.googleSheets","nodeName":"Append row in Sentiment_Alerts","nodeId":"80c3999e-feb9-4e72-a12f-6bd0866db0b0"}}
{"__type":"$$EventMessageConfirm","confirm":"4aecafe2-8c32-4555-a0bb-70f4103c5624","ts":"2025-10-12T22:13:00.374+05:30","source":{"id":"0","name":"eventBus"}}
{"__type":"$$EventMessageNode","id":"8a323cb3-1ea4-4e59-b9ed-7cefe1d8bd41","ts":"2025-10-12T22:13:18.102+05:30","eventName":"n8n.node.finished","message":"n8n.node.finished","payload":{"workflowId":"W4bbgKqSRsQj5RSg","workflowName":"My workflow","executionId":"34","nodeType":"n8n-nodes-base.googleSheets","nodeName":"Append row in Sentiment_Alerts","nodeId":"80c3999e-feb9-4e72-a12f-6bd0866db0b0"}}
{"__type":"$$EventMessageConfirm","confirm":"8a323cb3-1ea4-4e59-b9ed-7cefe1d8bd41","ts":"2025-10-12T22:13:18.102+05:30","source":{"id":"0","name":"eventBus"}}
{"__type":"$$EventMessageNode","id":"be453429-ef28-48d7-b9de-afb1669c7686","ts":"2025-10-12T22:13:18.123+05:30","eventName":"n8n.node.started","message":"n8n.node.started","payload":{"workflowId":"W4bbgKqSRsQj5RSg","workflowName":"My workflow","executionId":"34","nodeType":"n8n-nodes-base.gmail","nodeName":"Send a message2","nodeId":"62d30df9-243c-40f1-86c6-4303d47486f9"}}
{"__type":"$$EventMessageConfirm","confirm":"be453429-ef28-48d7-b9de-afb1669c7686","ts":"2025-10-12T22:13:18.124+05:30","source":{"id":"0","name":"eventBus"}}
{"__type":"$$EventMessageNode","id":"fc0285b2-684d-4710-96b3-a971e0a40a4c","ts":"2025-10-12T22:13:18.444+05:30","eventName":"n8n.node.finished","message":"n8n.node.finished","payload":{"workflowId":"W4bbgKqSRsQj5RSg","workflowName":"My workflow","executionId":"34","nodeType":"n8n-nodes-base.gmail","nodeName":"Send a message2","nodeId":"62d30df9-243c-40f1-86c6-4303d47486f9"}}
{"__type":"$$EventMessageConfirm","confirm":"fc0285b2-684d-4710-96b3-a971e0a40a4c","ts":"2025-10-12T22:13:18.445+05:30","source":{"id":"0","name":"eventBus"}}
{"__type":"$$EventMessageWorkflow","id":"973a6d10-75ec-4dc7-a237-a2ed06aef82a","ts":"2025-10-12T22:13:18.457+05:30","eventName":"n8n.workflow.failed","message":"n8n.workflow.failed","payload":{"executionId":"34","success":false,"isManual":true,"workflowId":"W4bbgKqSRsQj5RSg","workflowName":"My workflow","lastNodeExecuted":"Send a message2","errorNodeType":"n8n-nodes-base.gmail","errorMessage":"Cannot read properties of undefined (reading 'split') (item 0)"}}
{"__type":"$$EventMessageConfirm","confirm":"973a6d10-75ec-4dc7-a237-a2ed06aef82a","ts":"2025-10-12T22:13:18.457+05:30","source":{"id":"0","name":"eventBus"}}
{"__type":"$$EventMessageWorkflow","id":"5d1cef72-0c7c-4373-ad3c-9d2dc54d577c","ts":"2025-10-12T22:18:49.993+05:30","eventName":"n8n.workflow.started","message":"n8n.workflow.started","payload":{"executionId":"35","workflowId":"W4bbgKqSRsQj5RSg","isManual":false,"workflowName":"My workflow"}}
{"__type":"$$EventMessageConfirm","confirm":"5d1cef72-0c7c-4373-ad3c-9d2dc54d577c","ts":"2025-10-12T22:18:49.995+05:30","source":{"id":"0","name":"eventBus"}}
{"__type":"$$EventMessageNode","id":"8e7d20c4-7da3-49d2-9f89-2b4ab1648fdd","ts":"2025-10-12T22:18:50.001+05:30","eventName":"n8n.node.started","message":"n8n.node.started","payload":{"workflowId":"W4bbgKqSRsQj5RSg","workflowName":"My workflow","executionId":"35","nodeType":"n8n-nodes-base.webhook","nodeName":"Webhook","nodeId":"a889b0f0-19e2-4570-9f72-e9fc287de8f6"}}
{"__type":"$$EventMessageConfirm","confirm":"8e7d20c4-7da3-49d2-9f89-2b4ab1648fdd","ts":"2025-10-12T22:18:50.001+05:30","source":{"id":"0","name":"eventBus"}}
{"__type":"$$EventMessageNode","id":"0ce2be8c-ba09-4bd7-86ca-1b58416c1733","ts":"2025-10-12T22:18:50.007+05:30","eventName":"n8n.node.finished","message":"n8n.node.finished","payload":{"workflowId":"W4bbgKqSRsQj5RSg","workflowName":"My workflow","executionId":"35","nodeType":"n8n-nodes-base.webhook","nodeName":"Webhook","nodeId":"a889b0f0-19e2-4570-9f72-e9fc287de8f6"}}
{"__type":"$$EventMessageConfirm","confirm":"0ce2be8c-ba09-4bd7-86ca-1b58416c1733","ts":"2025-10-12T22:18:50.007+05:30","source":{"id":"0","name":"eventBus"}}
{"__type":"$$EventMessageNode","id":"d9c1cec3-eaaa-4a4c-af6e-98031d8205de","ts":"2025-10-12T22:18:50.010+05:30","eventName":"n8n.node.started","message":"n8n.node.started","payload":{"workflowId":"W4bbgKqSRsQj5RSg","workflowName":"My workflow","executionId":"35","nodeType":"n8n-nodes-base.switch","nodeName":"Switch node for the response from Agents","nodeId":"4d44b551-8c84-4a01-b253-3474022e0098"}}
{"__type":"$$EventMessageConfirm","confirm":"d9c1cec3-eaaa-4a4c-af6e-98031d8205de","ts":"2025-10-12T22:18:50.012+05:30","source":{"id":"0","name":"eventBus"}}
{"__type":"$$EventMessageNode","id":"9df752f6-383a-48ae-bfe7-38cea7598042","ts":"2025-10-12T22:18:50.035+05:30","eventName":"n8n.node.finished","message":"n8n.node.finished","payload":{"workflowId":"W4bbgKqSRsQj5RSg","workflowName":"My workflow","executionId":"35","nodeType":"n8n-nodes-base.switch","nodeName":"Switch node for the response from Agents","nodeId":"4d44b551-8c84-4a01-b253-3474022e0098"}}
{"__type":"$$EventMessageConfirm","confirm":"9df752f6-383a-48ae-bfe7-38cea7598042","ts":"2025-10-12T22:18:50.035+05:30","source":{"id":"0","name":"eventBus"}}
{"__type":"$$EventMessageNode","id":"11cb8678-06a2-4f74-9443-4a6933c55014","ts":"2025-10-12T22:18:50.038+05:30","eventName":"n8n.node.started","message":"n8n.node.started","payload":{"workflowId":"W4bbgKqSRsQj5RSg","workflowName":"My workflow","executionId":"35","nodeType":"n8n-nodes-base.if","nodeName":"if response from AI Agent and downtime > 4","nodeId":"f7418cc6-beaa-4f0f-a195-58fe7a016368"}}
{"__type":"$$EventMessageConfirm","confirm":"11cb8678-06a2-4f74-9443-4a6933c55014","ts":"2025-10-12T22:18:50.038+05:30","source":{"id":"0","name":"eventBus"}}
{"__type":"$$EventMessageNode","id":"b11c53c7-675a-4a3e-bce0-dc29d9a03e36","ts":"2025-10-12T22:18:50.045+05:30","eventName":"n8n.node.finished","message":"n8n.node.finished","payload":{"workflowId":"W4bbgKqSRsQj5RSg","workflowName":"My workflow","executionId":"35","nodeType":"n8n-nodes-base.if","nodeName":"if response from AI Agent and downtime > 4","nodeId":"f7418cc6-beaa-4f0f-a195-58fe7a016368"}}
{"__type":"$$EventMessageConfirm","confirm":"b11c53c7-675a-4a3e-bce0-dc29d9a03e36","ts":"2025-10-12T22:18:50.046+05:30","source":{"id":"0","name":"eventBus"}}
{"__type":"$$EventMessageWorkflow","id":"6dceb874-df4c-425f-ba6b-4d5934a927db","ts":"2025-10-12T22:18:50.064+05:30","eventName":"n8n.workflow.success","message":"n8n.workflow.success","payload":{"executionId":"35","success":true,"isManual":true,"workflowId":"W4bbgKqSRsQj5RSg","workflowName":"My workflow"}}
{"__type":"$$EventMessageConfirm","confirm":"6dceb874-df4c-425f-ba6b-4d5934a927db","ts":"2025-10-12T22:18:50.064+05:30","source":{"id":"0","name":"eventBus"}}
{"__type":"$$EventMessageWorkflow","id":"b65972d7-90ee-47f4-9648-1d4046f63477","ts":"2025-10-12T22:19:51.514+05:30","eventName":"n8n.workflow.started","message":"n8n.workflow.started","payload":{"executionId":"36","workflowId":"W4bbgKqSRsQj5RSg","isManual":false,"workflowName":"My workflow"}}
{"__type":"$$EventMessageConfirm","confirm":"b65972d7-90ee-47f4-9648-1d4046f63477","ts":"2025-10-12T22:19:51.525+05:30","source":{"id":"0","name":"eventBus"}}
{"__type":"$$EventMessageNode","id":"4b366fd0-0dce-4df5-ba31-534f8740472c","ts":"2025-10-12T22:19:51.528+05:30","eventName":"n8n.node.started","message":"n8n.node.started","payload":{"workflowId":"W4bbgKqSRsQj5RSg","workflowName":"My workflow","executionId":"36","nodeType":"n8n-nodes-base.webhook","nodeName":"Webhook","nodeId":"a889b0f0-19e2-4570-9f72-e9fc287de8f6"}}
{"__type":"$$EventMessageConfirm","confirm":"4b366fd0-0dce-4df5-ba31-534f8740472c","ts":"2025-10-12T22:19:51.529+05:30","source":{"id":"0","name":"eventBus"}}
{"__type":"$$EventMessageNode","id":"1a09f66b-9110-432b-ac28-ed5b6f6e5e09","ts":"2025-10-12T22:19:51.532+05:30","eventName":"n8n.node.finished","message":"n8n.node.finished","payload":{"workflowId":"W4bbgKqSRsQj5RSg","workflowName":"My workflow","executionId":"36","nodeType":"n8n-nodes-base.webhook","nodeName":"Webhook","nodeId":"a889b0f0-19e2-4570-9f72-e9fc287de8f6"}}
{"__type":"$$EventMessageConfirm","confirm":"1a09f66b-9110-432b-ac28-ed5b6f6e5e09","ts":"2025-10-12T22:19:51.533+05:30","source":{"id":"0","name":"eventBus"}}
{"__type":"$$EventMessageNode","id":"004a73d8-2350-410d-be93-eeb911d4f425","ts":"2025-10-12T22:19:51.535+05:30","eventName":"n8n.node.started","message":"n8n.node.started","payload":{"workflowId":"W4bbgKqSRsQj5RSg","workflowName":"My workflow","executionId":"36","nodeType":"n8n-nodes-base.switch","nodeName":"Switch node for the response from Agents","nodeId":"4d44b551-8c84-4a01-b253-3474022e0098"}}
{"__type":"$$EventMessageConfirm","confirm":"004a73d8-2350-410d-be93-eeb911d4f425","ts":"2025-10-12T22:19:51.536+05:30","source":{"id":"0","name":"eventBus"}}
{"__type":"$$EventMessageNode","id":"f1d46fe8-aee4-4f92-81b2-6dc40dd97e69","ts":"2025-10-12T22:19:51.558+05:30","eventName":"n8n.node.finished","message":"n8n.node.finished","payload":{"workflowId":"W4bbgKqSRsQj5RSg","workflowName":"My workflow","executionId":"36","nodeType":"n8n-nodes-base.switch","nodeName":"Switch node for the response from Agents","nodeId":"4d44b551-8c84-4a01-b253-3474022e0098"}}
{"__type":"$$EventMessageConfirm","confirm":"f1d46fe8-aee4-4f92-81b2-6dc40dd97e69","ts":"2025-10-12T22:19:51.558+05:30","source":{"id":"0","name":"eventBus"}}
{"__type":"$$EventMessageNode","id":"822b0e3a-9977-4a95-a0fc-6b1fb0d8b543","ts":"2025-10-12T22:19:51.559+05:30","eventName":"n8n.node.started","message":"n8n.node.started","payload":{"workflowId":"W4bbgKqSRsQj5RSg","workflowName":"My workflow","executionId":"36","nodeType":"n8n-nodes-base.if","nodeName":"if response from AI Agent and downtime > 4","nodeId":"f7418cc6-beaa-4f0f-a195-58fe7a016368"}}
{"__type":"$$EventMessageConfirm","confirm":"822b0e3a-9977-4a95-a0fc-6b1fb0d8b543","ts":"2025-10-12T22:19:51.559+05:30","source":{"id":"0","name":"eventBus"}}
{"__type":"$$EventMessageNode","id":"8d30a229-8adf-41be-b2ad-7e8fb8d574b1","ts":"2025-10-12T22:19:51.560+05:30","eventName":"n8n.node.finished","message":"n8n.node.finished","payload":{"workflowId":"W4bbgKqSRsQj5RSg","workflowName":"My workflow","executionId":"36","nodeType":"n8n-nodes-base.if","nodeName":"if response from AI Agent and downtime > 4","nodeId":"f7418cc6-beaa-4f0f-a195-58fe7a016368"}}
{"__type":"$$EventMessageConfirm","confirm":"8d30a229-8adf-41be-b2ad-7e8fb8d574b1","ts":"2025-10-12T22:19:51.561+05:30","source":{"id":"0","name":"eventBus"}}
{"__type":"$$EventMessageNode","id":"33bfe5aa-74e5-4a09-8d5a-cb13b3afa614","ts":"2025-10-12T22:19:51.562+05:30","eventName":"n8n.node.started","message":"n8n.node.started","payload":{"workflowId":"W4bbgKqSRsQj5RSg","workflowName":"My workflow","executionId":"36","nodeType":"n8n-nodes-base.googleSheets","nodeName":"Append row in AI_Agent_Alerts","nodeId":"c0e05488-9b6e-4ea5-abab-3899e1843086"}}
{"__type":"$$EventMessageConfirm","confirm":"33bfe5aa-74e5-4a09-8d5a-cb13b3afa614","ts":"2025-10-12T22:19:51.562+05:30","source":{"id":"0","name":"eventBus"}}
{"__type":"$$EventMessageNode","id":"cd7f81c5-3831-4a92-88b5-b0cd3f1455ec","ts":"2025-10-12T22:20:04.720+05:30","eventName":"n8n.node.finished","message":"n8n.node.finished","payload":{"workflowId":"W4bbgKqSRsQj5RSg","workflowName":"My workflow","executionId":"36","nodeType":"n8n-nodes-base.googleSheets","nodeName":"Append row in AI_Agent_Alerts","nodeId":"c0e05488-9b6e-4ea5-abab-3899e1843086"}}
{"__type":"$$EventMessageConfirm","confirm":"cd7f81c5-3831-4a92-88b5-b0cd3f1455ec","ts":"2025-10-12T22:20:04.720+05:30","source":{"id":"0","name":"eventBus"}}
{"__type":"$$EventMessageNode","id":"c3217a81-ea31-42ec-9a8f-0cf83c18e228","ts":"2025-10-12T22:20:04.721+05:30","eventName":"n8n.node.started","message":"n8n.node.started","payload":{"workflowId":"W4bbgKqSRsQj5RSg","workflowName":"My workflow","executionId":"36","nodeType":"n8n-nodes-base.gmail","nodeName":"Send a message","nodeId":"8a7c2a4a-c507-419c-91bf-d377a2dde4eb"}}
{"__type":"$$EventMessageConfirm","confirm":"c3217a81-ea31-42ec-9a8f-0cf83c18e228","ts":"2025-10-12T22:20:04.722+05:30","source":{"id":"0","name":"eventBus"}}
{"__type":"$$EventMessageNode","id":"975ecef3-3d48-4fe8-a06b-9efb802fe4a2","ts":"2025-10-12T22:20:12.666+05:30","eventName":"n8n.node.finished","message":"n8n.node.finished","payload":{"workflowId":"W4bbgKqSRsQj5RSg","workflowName":"My workflow","executionId":"36","nodeType":"n8n-nodes-base.gmail","nodeName":"Send a message","nodeId":"8a7c2a4a-c507-419c-91bf-d377a2dde4eb"}}
{"__type":"$$EventMessageConfirm","confirm":"975ecef3-3d48-4fe8-a06b-9efb802fe4a2","ts":"2025-10-12T22:20:12.667+05:30","source":{"id":"0","name":"eventBus"}}
{"__type":"$$EventMessageWorkflow","id":"ba32cab5-8f5f-4190-9ee2-f52ef18ac645","ts":"2025-10-12T22:20:12.924+05:30","eventName":"n8n.workflow.success","message":"n8n.workflow.success","payload":{"executionId":"36","success":true,"isManual":true,"workflowId":"W4bbgKqSRsQj5RSg","workflowName":"My workflow"}}
{"__type":"$$EventMessageConfirm","confirm":"ba32cab5-8f5f-4190-9ee2-f52ef18ac645","ts":"2025-10-12T22:20:12.925+05:30","source":{"id":"0","name":"eventBus"}}
